#
# There is insufficient memory for the Java Runtime Environment to continue.
# Native memory allocation (malloc) failed to allocate 32744 bytes. Error detail: Chunk::new
# Possible reasons:
#   The system is out of physical RAM or swap space
#   This process is running with CompressedOops enabled, and the Java Heap may be blocking the growth of the native heap
# Possible solutions:
#   Reduce memory load on the system
#   Increase physical memory or swap space
#   Check if swap backing store is full
#   Decrease Java heap size (-Xmx/-Xms)
#   Decrease number of Java threads
#   Decrease Java thread stack sizes (-Xss)
#   Set larger code cache with -XX:ReservedCodeCacheSize=
#   JVM is running with Zero Based Compressed Oops mode in which the Java heap is
#     placed in the first 32GB address space. The Java Heap base address is the
#     maximum limit for the native heap growth. Please use -XX:HeapBaseMinAddress
#     to set the Java Heap base and to place the Java Heap above 32GB virtual address.
# This output file may be truncated or incomplete.
#
#  Out of Memory Error (arena.cpp:168), pid=7176, tid=29812
#
# JRE version: OpenJDK Runtime Environment Zulu21.40+17-CA (21.0.6+7) (build 21.0.6+7-LTS)
# Java VM: OpenJDK 64-Bit Server VM Zulu21.40+17-CA (21.0.6+7-LTS, mixed mode, sharing, tiered, compressed oops, compressed class ptrs, g1 gc, windows-amd64)
# No core dump will be written. Minidumps are not enabled by default on client versions of Windows
#

---------------  S U M M A R Y ------------

Command Line: -Dmaven.multiModuleProjectDirectory=C:\Users\Sudark\IdeaProjects\City -Djansi.passthrough=true -Dmaven.home=D:\IntelliJ IDEA 2024.2.0.1\plugins\maven\lib\maven3 -Dclassworlds.conf=D:\IntelliJ IDEA 2024.2.0.1\plugins\maven\lib\maven3\bin\m2.conf -Dmaven.ext.class.path=D:\IntelliJ IDEA 2024.2.0.1\plugins\maven\lib\maven-event-listener.jar -javaagent:D:\IntelliJ IDEA 2024.2.0.1\lib\idea_rt.jar=8861:D:\IntelliJ IDEA 2024.2.0.1\bin -Dfile.encoding=UTF-8 -Dsun.stdout.encoding=UTF-8 -Dsun.stderr.encoding=UTF-8 org.codehaus.classworlds.Launcher -Didea.version=2024.2.0.1 package

Host: AMD Ryzen 7 8845HS w/ Radeon 780M Graphics, 16 cores, 31G,  Windows 11 , 64 bit Build 22621 (10.0.22621.3672)
Time: Mon Nov 17 00:12:55 2025  Windows 11 , 64 bit Build 22621 (10.0.22621.3672) elapsed time: 0.288734 seconds (0d 0h 0m 0s)

---------------  T H R E A D  ---------------

Current thread (0x0000019f6f33b7b0):  JavaThread "C1 CompilerThread1" daemon [_thread_in_native, id=29812, stack(0x0000000a48b00000,0x0000000a48c00000) (1024K)]


Current CompileTask:
C1:288  955       3       java.net.URLStreamHandler::parseURL (1124 bytes)

Stack: [0x0000000a48b00000,0x0000000a48c00000]
Native frames: (J=compiled Java code, j=interpreted, Vv=VM code, C=native code)
V  [jvm.dll+0x6fb489]
V  [jvm.dll+0x8dee5f]
V  [jvm.dll+0x8e1258]
V  [jvm.dll+0x8e19c3]
V  [jvm.dll+0x299796]
V  [jvm.dll+0xd2b0d]
V  [jvm.dll+0xd3043]
V  [jvm.dll+0x1a7ef3]
V  [jvm.dll+0x1a7fbd]
V  [jvm.dll+0x1aa4c3]
V  [jvm.dll+0x1ac054]
V  [jvm.dll+0x164483]
V  [jvm.dll+0x163d38]
V  [jvm.dll+0x163f74]
V  [jvm.dll+0x163396]
V  [jvm.dll+0x16511d]
V  [jvm.dll+0x26c860]
V  [jvm.dll+0x26ada9]
V  [jvm.dll+0x414054]
V  [jvm.dll+0x886176]
V  [jvm.dll+0x6f9b84]
C  [ucrtbase.dll+0x29333]
C  [KERNEL32.DLL+0x1257d]
C  [ntdll.dll+0x5af28]


---------------  P R O C E S S  ---------------

Threads class SMR info:
_java_thread_list=0x0000019f6f71f0e0, length=16, elements={
0x0000019f4a5433b0, 0x0000019f6f244090, 0x0000019f6f246dc0, 0x0000019f6f24a430,
0x0000019f6f24af80, 0x0000019f6f24bad0, 0x0000019f6f24c750, 0x0000019f6f25cc30,
0x0000019f6f27e950, 0x0000019f6f33b7b0, 0x0000019f6f3dfab0, 0x0000019f6f3e9b30,
0x0000019f6f554910, 0x0000019f6f555590, 0x0000019f6f939720, 0x0000019f6f71e710
}

Java Threads: ( => current thread )
  0x0000019f4a5433b0 JavaThread "main"                              [_thread_in_vm, id=13164, stack(0x0000000a47b00000,0x0000000a47c00000) (1024K)]
  0x0000019f6f244090 JavaThread "Reference Handler"          daemon [_thread_blocked, id=21768, stack(0x0000000a48300000,0x0000000a48400000) (1024K)]
  0x0000019f6f246dc0 JavaThread "Finalizer"                  daemon [_thread_blocked, id=7916, stack(0x0000000a48400000,0x0000000a48500000) (1024K)]
  0x0000019f6f24a430 JavaThread "Signal Dispatcher"          daemon [_thread_blocked, id=16312, stack(0x0000000a48500000,0x0000000a48600000) (1024K)]
  0x0000019f6f24af80 JavaThread "Attach Listener"            daemon [_thread_blocked, id=17316, stack(0x0000000a48600000,0x0000000a48700000) (1024K)]
  0x0000019f6f24bad0 JavaThread "Service Thread"             daemon [_thread_blocked, id=31300, stack(0x0000000a48700000,0x0000000a48800000) (1024K)]
  0x0000019f6f24c750 JavaThread "Monitor Deflation Thread"   daemon [_thread_blocked, id=21036, stack(0x0000000a48800000,0x0000000a48900000) (1024K)]
  0x0000019f6f25cc30 JavaThread "C2 CompilerThread0"         daemon [_thread_in_native, id=8144, stack(0x0000000a48900000,0x0000000a48a00000) (1024K)]
  0x0000019f6f27e950 JavaThread "C1 CompilerThread0"         daemon [_thread_in_vm, id=16060, stack(0x0000000a48a00000,0x0000000a48b00000) (1024K)]
=>0x0000019f6f33b7b0 JavaThread "C1 CompilerThread1"         daemon [_thread_in_native, id=29812, stack(0x0000000a48b00000,0x0000000a48c00000) (1024K)]
  0x0000019f6f3dfab0 JavaThread "Common-Cleaner"             daemon [_thread_blocked, id=5912, stack(0x0000000a48c00000,0x0000000a48d00000) (1024K)]
  0x0000019f6f3e9b30 JavaThread "C2 CompilerThread1"         daemon [_thread_in_native, id=29604, stack(0x0000000a48d00000,0x0000000a48e00000) (1024K)]
  0x0000019f6f554910 JavaThread "Monitor Ctrl-Break"         daemon [_thread_in_native, id=29552, stack(0x0000000a48e00000,0x0000000a48f00000) (1024K)]
  0x0000019f6f555590 JavaThread "Notification Thread"        daemon [_thread_blocked, id=27524, stack(0x0000000a48f00000,0x0000000a49000000) (1024K)]
  0x0000019f6f939720 JavaThread "C1 CompilerThread2"         daemon [_thread_blocked, id=604, stack(0x0000000a49000000,0x0000000a49100000) (1024K)]
  0x0000019f6f71e710 JavaThread "C1 CompilerThread3"         daemon [_thread_blocked, id=13792, stack(0x0000000a49100000,0x0000000a49200000) (1024K)]
Total: 16

Other Threads:
  0x0000019f6c458010 VMThread "VM Thread"                           [id=3988, stack(0x0000000a48200000,0x0000000a48300000) (1024K)]
  0x0000019f6c447a20 WatcherThread "VM Periodic Task Thread"        [id=25080, stack(0x0000000a48100000,0x0000000a48200000) (1024K)]
  0x0000019f6c2afa40 WorkerThread "GC Thread#0"                     [id=14008, stack(0x0000000a47c00000,0x0000000a47d00000) (1024K)]
  0x0000019f4a5b9d70 ConcurrentGCThread "G1 Main Marker"            [id=23244, stack(0x0000000a47d00000,0x0000000a47e00000) (1024K)]
  0x0000019f4a5baf30 WorkerThread "G1 Conc#0"                       [id=31804, stack(0x0000000a47e00000,0x0000000a47f00000) (1024K)]
  0x0000019f6c316380 ConcurrentGCThread "G1 Refine#0"               [id=16836, stack(0x0000000a47f00000,0x0000000a48000000) (1024K)]
  0x0000019f6c316d10 ConcurrentGCThread "G1 Service"                [id=10028, stack(0x0000000a48000000,0x0000000a48100000) (1024K)]
Total: 7

Threads with active compile tasks:
C2 CompilerThread0  305  991       4       java.util.jar.JarFile::getEntry (35 bytes)
C1 CompilerThread1  305  955       3       java.net.URLStreamHandler::parseURL (1124 bytes)
C2 CompilerThread1  305  956  s!   4       jdk.internal.loader.URLClassPath::getLoader (194 bytes)
Total: 3

VM state: not at safepoint (normal execution)

VM Mutex/Monitor currently owned by a thread: None

Heap address: 0x000000060b400000, size: 8012 MB, Compressed Oops mode: Zero based, Oop shift amount: 3

CDS archive(s) mapped at: [0x0000019f00000000-0x0000019f00cd0000-0x0000019f00cd0000), size 13434880, SharedBaseAddress: 0x0000019f00000000, ArchiveRelocationMode: 1.
Compressed class space mapped at: 0x0000019f01000000-0x0000019f41000000, reserved size: 1073741824
Narrow klass base: 0x0000019f00000000, Narrow klass shift: 0, Narrow klass range: 0x100000000

GC Precious Log:
 CardTable entry size: 512
 Card Set container configuration: InlinePtr #cards 4 size 8 Array Of Cards #cards 32 size 80 Howl #buckets 8 coarsen threshold 7372 Howl Bitmap #cards 1024 size 144 coarsen threshold 921 Card regions per heap region 1 cards per card region 8192
 CPUs: 16 total, 16 available
 Memory: 32042M
 Large Page Support: Disabled
 NUMA Support: Disabled
 Compressed Oops: Enabled (Zero based)
 Heap Region Size: 4M
 Heap Min Capacity: 8M
 Heap Initial Capacity: 504M
 Heap Max Capacity: 8012M
 Pre-touch: Disabled
 Parallel Workers: 13
 Concurrent Workers: 3
 Concurrent Refinement Workers: 13
 Periodic GC: Disabled

Heap:
 garbage-first heap   total 516096K, used 12288K [0x000000060b400000, 0x0000000800000000)
  region size 4096K, 4 young (16384K), 0 survivors (0K)
 Metaspace       used 3685K, committed 3840K, reserved 1114112K
  class space    used 356K, committed 448K, reserved 1048576K

Heap Regions: E=young(eden), S=young(survivor), O=old, HS=humongous(starts), HC=humongous(continues), CS=collection set, F=free, TAMS=top-at-mark-start, PB=parsable bottom
|   0|0x000000060b400000, 0x000000060b400000, 0x000000060b800000|  0%| F|  |TAMS 0x000000060b400000| PB 0x000000060b400000| Untracked 
|   1|0x000000060b800000, 0x000000060b800000, 0x000000060bc00000|  0%| F|  |TAMS 0x000000060b800000| PB 0x000000060b800000| Untracked 
|   2|0x000000060bc00000, 0x000000060bc00000, 0x000000060c000000|  0%| F|  |TAMS 0x000000060bc00000| PB 0x000000060bc00000| Untracked 
|   3|0x000000060c000000, 0x000000060c000000, 0x000000060c400000|  0%| F|  |TAMS 0x000000060c000000| PB 0x000000060c000000| Untracked 
|   4|0x000000060c400000, 0x000000060c400000, 0x000000060c800000|  0%| F|  |TAMS 0x000000060c400000| PB 0x000000060c400000| Untracked 
|   5|0x000000060c800000, 0x000000060c800000, 0x000000060cc00000|  0%| F|  |TAMS 0x000000060c800000| PB 0x000000060c800000| Untracked 
|   6|0x000000060cc00000, 0x000000060cc00000, 0x000000060d000000|  0%| F|  |TAMS 0x000000060cc00000| PB 0x000000060cc00000| Untracked 
|   7|0x000000060d000000, 0x000000060d000000, 0x000000060d400000|  0%| F|  |TAMS 0x000000060d000000| PB 0x000000060d000000| Untracked 
|   8|0x000000060d400000, 0x000000060d400000, 0x000000060d800000|  0%| F|  |TAMS 0x000000060d400000| PB 0x000000060d400000| Untracked 
|   9|0x000000060d800000, 0x000000060d800000, 0x000000060dc00000|  0%| F|  |TAMS 0x000000060d800000| PB 0x000000060d800000| Untracked 
|  10|0x000000060dc00000, 0x000000060dc00000, 0x000000060e000000|  0%| F|  |TAMS 0x000000060dc00000| PB 0x000000060dc00000| Untracked 
|  11|0x000000060e000000, 0x000000060e000000, 0x000000060e400000|  0%| F|  |TAMS 0x000000060e000000| PB 0x000000060e000000| Untracked 
|  12|0x000000060e400000, 0x000000060e400000, 0x000000060e800000|  0%| F|  |TAMS 0x000000060e400000| PB 0x000000060e400000| Untracked 
|  13|0x000000060e800000, 0x000000060e800000, 0x000000060ec00000|  0%| F|  |TAMS 0x000000060e800000| PB 0x000000060e800000| Untracked 
|  14|0x000000060ec00000, 0x000000060ec00000, 0x000000060f000000|  0%| F|  |TAMS 0x000000060ec00000| PB 0x000000060ec00000| Untracked 
|  15|0x000000060f000000, 0x000000060f000000, 0x000000060f400000|  0%| F|  |TAMS 0x000000060f000000| PB 0x000000060f000000| Untracked 
|  16|0x000000060f400000, 0x000000060f400000, 0x000000060f800000|  0%| F|  |TAMS 0x000000060f400000| PB 0x000000060f400000| Untracked 
|  17|0x000000060f800000, 0x000000060f800000, 0x000000060fc00000|  0%| F|  |TAMS 0x000000060f800000| PB 0x000000060f800000| Untracked 
|  18|0x000000060fc00000, 0x000000060fc00000, 0x0000000610000000|  0%| F|  |TAMS 0x000000060fc00000| PB 0x000000060fc00000| Untracked 
|  19|0x0000000610000000, 0x0000000610000000, 0x0000000610400000|  0%| F|  |TAMS 0x0000000610000000| PB 0x0000000610000000| Untracked 
|  20|0x0000000610400000, 0x0000000610400000, 0x0000000610800000|  0%| F|  |TAMS 0x0000000610400000| PB 0x0000000610400000| Untracked 
|  21|0x0000000610800000, 0x0000000610800000, 0x0000000610c00000|  0%| F|  |TAMS 0x0000000610800000| PB 0x0000000610800000| Untracked 
|  22|0x0000000610c00000, 0x0000000610c00000, 0x0000000611000000|  0%| F|  |TAMS 0x0000000610c00000| PB 0x0000000610c00000| Untracked 
|  23|0x0000000611000000, 0x0000000611000000, 0x0000000611400000|  0%| F|  |TAMS 0x0000000611000000| PB 0x0000000611000000| Untracked 
|  24|0x0000000611400000, 0x0000000611400000, 0x0000000611800000|  0%| F|  |TAMS 0x0000000611400000| PB 0x0000000611400000| Untracked 
|  25|0x0000000611800000, 0x0000000611800000, 0x0000000611c00000|  0%| F|  |TAMS 0x0000000611800000| PB 0x0000000611800000| Untracked 
|  26|0x0000000611c00000, 0x0000000611c00000, 0x0000000612000000|  0%| F|  |TAMS 0x0000000611c00000| PB 0x0000000611c00000| Untracked 
|  27|0x0000000612000000, 0x0000000612000000, 0x0000000612400000|  0%| F|  |TAMS 0x0000000612000000| PB 0x0000000612000000| Untracked 
|  28|0x0000000612400000, 0x0000000612400000, 0x0000000612800000|  0%| F|  |TAMS 0x0000000612400000| PB 0x0000000612400000| Untracked 
|  29|0x0000000612800000, 0x0000000612800000, 0x0000000612c00000|  0%| F|  |TAMS 0x0000000612800000| PB 0x0000000612800000| Untracked 
|  30|0x0000000612c00000, 0x0000000612c00000, 0x0000000613000000|  0%| F|  |TAMS 0x0000000612c00000| PB 0x0000000612c00000| Untracked 
|  31|0x0000000613000000, 0x0000000613000000, 0x0000000613400000|  0%| F|  |TAMS 0x0000000613000000| PB 0x0000000613000000| Untracked 
|  32|0x0000000613400000, 0x0000000613400000, 0x0000000613800000|  0%| F|  |TAMS 0x0000000613400000| PB 0x0000000613400000| Untracked 
|  33|0x0000000613800000, 0x0000000613800000, 0x0000000613c00000|  0%| F|  |TAMS 0x0000000613800000| PB 0x0000000613800000| Untracked 
|  34|0x0000000613c00000, 0x0000000613c00000, 0x0000000614000000|  0%| F|  |TAMS 0x0000000613c00000| PB 0x0000000613c00000| Untracked 
|  35|0x0000000614000000, 0x0000000614000000, 0x0000000614400000|  0%| F|  |TAMS 0x0000000614000000| PB 0x0000000614000000| Untracked 
|  36|0x0000000614400000, 0x0000000614400000, 0x0000000614800000|  0%| F|  |TAMS 0x0000000614400000| PB 0x0000000614400000| Untracked 
|  37|0x0000000614800000, 0x0000000614800000, 0x0000000614c00000|  0%| F|  |TAMS 0x0000000614800000| PB 0x0000000614800000| Untracked 
|  38|0x0000000614c00000, 0x0000000614c00000, 0x0000000615000000|  0%| F|  |TAMS 0x0000000614c00000| PB 0x0000000614c00000| Untracked 
|  39|0x0000000615000000, 0x0000000615000000, 0x0000000615400000|  0%| F|  |TAMS 0x0000000615000000| PB 0x0000000615000000| Untracked 
|  40|0x0000000615400000, 0x0000000615400000, 0x0000000615800000|  0%| F|  |TAMS 0x0000000615400000| PB 0x0000000615400000| Untracked 
|  41|0x0000000615800000, 0x0000000615800000, 0x0000000615c00000|  0%| F|  |TAMS 0x0000000615800000| PB 0x0000000615800000| Untracked 
|  42|0x0000000615c00000, 0x0000000615c00000, 0x0000000616000000|  0%| F|  |TAMS 0x0000000615c00000| PB 0x0000000615c00000| Untracked 
|  43|0x0000000616000000, 0x0000000616000000, 0x0000000616400000|  0%| F|  |TAMS 0x0000000616000000| PB 0x0000000616000000| Untracked 
|  44|0x0000000616400000, 0x0000000616400000, 0x0000000616800000|  0%| F|  |TAMS 0x0000000616400000| PB 0x0000000616400000| Untracked 
|  45|0x0000000616800000, 0x0000000616800000, 0x0000000616c00000|  0%| F|  |TAMS 0x0000000616800000| PB 0x0000000616800000| Untracked 
|  46|0x0000000616c00000, 0x0000000616c00000, 0x0000000617000000|  0%| F|  |TAMS 0x0000000616c00000| PB 0x0000000616c00000| Untracked 
|  47|0x0000000617000000, 0x0000000617000000, 0x0000000617400000|  0%| F|  |TAMS 0x0000000617000000| PB 0x0000000617000000| Untracked 
|  48|0x0000000617400000, 0x0000000617400000, 0x0000000617800000|  0%| F|  |TAMS 0x0000000617400000| PB 0x0000000617400000| Untracked 
|  49|0x0000000617800000, 0x0000000617800000, 0x0000000617c00000|  0%| F|  |TAMS 0x0000000617800000| PB 0x0000000617800000| Untracked 
|  50|0x0000000617c00000, 0x0000000617c00000, 0x0000000618000000|  0%| F|  |TAMS 0x0000000617c00000| PB 0x0000000617c00000| Untracked 
|  51|0x0000000618000000, 0x0000000618000000, 0x0000000618400000|  0%| F|  |TAMS 0x0000000618000000| PB 0x0000000618000000| Untracked 
|  52|0x0000000618400000, 0x0000000618400000, 0x0000000618800000|  0%| F|  |TAMS 0x0000000618400000| PB 0x0000000618400000| Untracked 
|  53|0x0000000618800000, 0x0000000618800000, 0x0000000618c00000|  0%| F|  |TAMS 0x0000000618800000| PB 0x0000000618800000| Untracked 
|  54|0x0000000618c00000, 0x0000000618c00000, 0x0000000619000000|  0%| F|  |TAMS 0x0000000618c00000| PB 0x0000000618c00000| Untracked 
|  55|0x0000000619000000, 0x0000000619000000, 0x0000000619400000|  0%| F|  |TAMS 0x0000000619000000| PB 0x0000000619000000| Untracked 
|  56|0x0000000619400000, 0x0000000619400000, 0x0000000619800000|  0%| F|  |TAMS 0x0000000619400000| PB 0x0000000619400000| Untracked 
|  57|0x0000000619800000, 0x0000000619800000, 0x0000000619c00000|  0%| F|  |TAMS 0x0000000619800000| PB 0x0000000619800000| Untracked 
|  58|0x0000000619c00000, 0x0000000619c00000, 0x000000061a000000|  0%| F|  |TAMS 0x0000000619c00000| PB 0x0000000619c00000| Untracked 
|  59|0x000000061a000000, 0x000000061a000000, 0x000000061a400000|  0%| F|  |TAMS 0x000000061a000000| PB 0x000000061a000000| Untracked 
|  60|0x000000061a400000, 0x000000061a400000, 0x000000061a800000|  0%| F|  |TAMS 0x000000061a400000| PB 0x000000061a400000| Untracked 
|  61|0x000000061a800000, 0x000000061a800000, 0x000000061ac00000|  0%| F|  |TAMS 0x000000061a800000| PB 0x000000061a800000| Untracked 
|  62|0x000000061ac00000, 0x000000061ac00000, 0x000000061b000000|  0%| F|  |TAMS 0x000000061ac00000| PB 0x000000061ac00000| Untracked 
|  63|0x000000061b000000, 0x000000061b000000, 0x000000061b400000|  0%| F|  |TAMS 0x000000061b000000| PB 0x000000061b000000| Untracked 
|  64|0x000000061b400000, 0x000000061b400000, 0x000000061b800000|  0%| F|  |TAMS 0x000000061b400000| PB 0x000000061b400000| Untracked 
|  65|0x000000061b800000, 0x000000061b800000, 0x000000061bc00000|  0%| F|  |TAMS 0x000000061b800000| PB 0x000000061b800000| Untracked 
|  66|0x000000061bc00000, 0x000000061bc00000, 0x000000061c000000|  0%| F|  |TAMS 0x000000061bc00000| PB 0x000000061bc00000| Untracked 
|  67|0x000000061c000000, 0x000000061c000000, 0x000000061c400000|  0%| F|  |TAMS 0x000000061c000000| PB 0x000000061c000000| Untracked 
|  68|0x000000061c400000, 0x000000061c400000, 0x000000061c800000|  0%| F|  |TAMS 0x000000061c400000| PB 0x000000061c400000| Untracked 
|  69|0x000000061c800000, 0x000000061c800000, 0x000000061cc00000|  0%| F|  |TAMS 0x000000061c800000| PB 0x000000061c800000| Untracked 
|  70|0x000000061cc00000, 0x000000061cc00000, 0x000000061d000000|  0%| F|  |TAMS 0x000000061cc00000| PB 0x000000061cc00000| Untracked 
|  71|0x000000061d000000, 0x000000061d000000, 0x000000061d400000|  0%| F|  |TAMS 0x000000061d000000| PB 0x000000061d000000| Untracked 
|  72|0x000000061d400000, 0x000000061d400000, 0x000000061d800000|  0%| F|  |TAMS 0x000000061d400000| PB 0x000000061d400000| Untracked 
|  73|0x000000061d800000, 0x000000061d800000, 0x000000061dc00000|  0%| F|  |TAMS 0x000000061d800000| PB 0x000000061d800000| Untracked 
|  74|0x000000061dc00000, 0x000000061dc00000, 0x000000061e000000|  0%| F|  |TAMS 0x000000061dc00000| PB 0x000000061dc00000| Untracked 
|  75|0x000000061e000000, 0x000000061e000000, 0x000000061e400000|  0%| F|  |TAMS 0x000000061e000000| PB 0x000000061e000000| Untracked 
|  76|0x000000061e400000, 0x000000061e400000, 0x000000061e800000|  0%| F|  |TAMS 0x000000061e400000| PB 0x000000061e400000| Untracked 
|  77|0x000000061e800000, 0x000000061e800000, 0x000000061ec00000|  0%| F|  |TAMS 0x000000061e800000| PB 0x000000061e800000| Untracked 
|  78|0x000000061ec00000, 0x000000061ec00000, 0x000000061f000000|  0%| F|  |TAMS 0x000000061ec00000| PB 0x000000061ec00000| Untracked 
|  79|0x000000061f000000, 0x000000061f000000, 0x000000061f400000|  0%| F|  |TAMS 0x000000061f000000| PB 0x000000061f000000| Untracked 
|  80|0x000000061f400000, 0x000000061f400000, 0x000000061f800000|  0%| F|  |TAMS 0x000000061f400000| PB 0x000000061f400000| Untracked 
|  81|0x000000061f800000, 0x000000061f800000, 0x000000061fc00000|  0%| F|  |TAMS 0x000000061f800000| PB 0x000000061f800000| Untracked 
|  82|0x000000061fc00000, 0x000000061fc00000, 0x0000000620000000|  0%| F|  |TAMS 0x000000061fc00000| PB 0x000000061fc00000| Untracked 
|  83|0x0000000620000000, 0x0000000620000000, 0x0000000620400000|  0%| F|  |TAMS 0x0000000620000000| PB 0x0000000620000000| Untracked 
|  84|0x0000000620400000, 0x0000000620400000, 0x0000000620800000|  0%| F|  |TAMS 0x0000000620400000| PB 0x0000000620400000| Untracked 
|  85|0x0000000620800000, 0x0000000620800000, 0x0000000620c00000|  0%| F|  |TAMS 0x0000000620800000| PB 0x0000000620800000| Untracked 
|  86|0x0000000620c00000, 0x0000000620c00000, 0x0000000621000000|  0%| F|  |TAMS 0x0000000620c00000| PB 0x0000000620c00000| Untracked 
|  87|0x0000000621000000, 0x0000000621000000, 0x0000000621400000|  0%| F|  |TAMS 0x0000000621000000| PB 0x0000000621000000| Untracked 
|  88|0x0000000621400000, 0x0000000621400000, 0x0000000621800000|  0%| F|  |TAMS 0x0000000621400000| PB 0x0000000621400000| Untracked 
|  89|0x0000000621800000, 0x0000000621800000, 0x0000000621c00000|  0%| F|  |TAMS 0x0000000621800000| PB 0x0000000621800000| Untracked 
|  90|0x0000000621c00000, 0x0000000621c00000, 0x0000000622000000|  0%| F|  |TAMS 0x0000000621c00000| PB 0x0000000621c00000| Untracked 
|  91|0x0000000622000000, 0x0000000622000000, 0x0000000622400000|  0%| F|  |TAMS 0x0000000622000000| PB 0x0000000622000000| Untracked 
|  92|0x0000000622400000, 0x0000000622400000, 0x0000000622800000|  0%| F|  |TAMS 0x0000000622400000| PB 0x0000000622400000| Untracked 
|  93|0x0000000622800000, 0x0000000622800000, 0x0000000622c00000|  0%| F|  |TAMS 0x0000000622800000| PB 0x0000000622800000| Untracked 
|  94|0x0000000622c00000, 0x0000000622c00000, 0x0000000623000000|  0%| F|  |TAMS 0x0000000622c00000| PB 0x0000000622c00000| Untracked 
|  95|0x0000000623000000, 0x0000000623000000, 0x0000000623400000|  0%| F|  |TAMS 0x0000000623000000| PB 0x0000000623000000| Untracked 
|  96|0x0000000623400000, 0x0000000623400000, 0x0000000623800000|  0%| F|  |TAMS 0x0000000623400000| PB 0x0000000623400000| Untracked 
|  97|0x0000000623800000, 0x0000000623800000, 0x0000000623c00000|  0%| F|  |TAMS 0x0000000623800000| PB 0x0000000623800000| Untracked 
|  98|0x0000000623c00000, 0x0000000623c00000, 0x0000000624000000|  0%| F|  |TAMS 0x0000000623c00000| PB 0x0000000623c00000| Untracked 
|  99|0x0000000624000000, 0x0000000624000000, 0x0000000624400000|  0%| F|  |TAMS 0x0000000624000000| PB 0x0000000624000000| Untracked 
| 100|0x0000000624400000, 0x0000000624400000, 0x0000000624800000|  0%| F|  |TAMS 0x0000000624400000| PB 0x0000000624400000| Untracked 
| 101|0x0000000624800000, 0x0000000624800000, 0x0000000624c00000|  0%| F|  |TAMS 0x0000000624800000| PB 0x0000000624800000| Untracked 
| 102|0x0000000624c00000, 0x0000000624c00000, 0x0000000625000000|  0%| F|  |TAMS 0x0000000624c00000| PB 0x0000000624c00000| Untracked 
| 103|0x0000000625000000, 0x0000000625000000, 0x0000000625400000|  0%| F|  |TAMS 0x0000000625000000| PB 0x0000000625000000| Untracked 
| 104|0x0000000625400000, 0x0000000625400000, 0x0000000625800000|  0%| F|  |TAMS 0x0000000625400000| PB 0x0000000625400000| Untracked 
| 105|0x0000000625800000, 0x0000000625800000, 0x0000000625c00000|  0%| F|  |TAMS 0x0000000625800000| PB 0x0000000625800000| Untracked 
| 106|0x0000000625c00000, 0x0000000625c00000, 0x0000000626000000|  0%| F|  |TAMS 0x0000000625c00000| PB 0x0000000625c00000| Untracked 
| 107|0x0000000626000000, 0x0000000626000000, 0x0000000626400000|  0%| F|  |TAMS 0x0000000626000000| PB 0x0000000626000000| Untracked 
| 108|0x0000000626400000, 0x0000000626400000, 0x0000000626800000|  0%| F|  |TAMS 0x0000000626400000| PB 0x0000000626400000| Untracked 
| 109|0x0000000626800000, 0x0000000626800000, 0x0000000626c00000|  0%| F|  |TAMS 0x0000000626800000| PB 0x0000000626800000| Untracked 
| 110|0x0000000626c00000, 0x0000000626c00000, 0x0000000627000000|  0%| F|  |TAMS 0x0000000626c00000| PB 0x0000000626c00000| Untracked 
| 111|0x0000000627000000, 0x0000000627000000, 0x0000000627400000|  0%| F|  |TAMS 0x0000000627000000| PB 0x0000000627000000| Untracked 
| 112|0x0000000627400000, 0x0000000627400000, 0x0000000627800000|  0%| F|  |TAMS 0x0000000627400000| PB 0x0000000627400000| Untracked 
| 113|0x0000000627800000, 0x0000000627800000, 0x0000000627c00000|  0%| F|  |TAMS 0x0000000627800000| PB 0x0000000627800000| Untracked 
| 114|0x0000000627c00000, 0x0000000627c00000, 0x0000000628000000|  0%| F|  |TAMS 0x0000000627c00000| PB 0x0000000627c00000| Untracked 
| 115|0x0000000628000000, 0x0000000628000000, 0x0000000628400000|  0%| F|  |TAMS 0x0000000628000000| PB 0x0000000628000000| Untracked 
| 116|0x0000000628400000, 0x0000000628400000, 0x0000000628800000|  0%| F|  |TAMS 0x0000000628400000| PB 0x0000000628400000| Untracked 
| 117|0x0000000628800000, 0x0000000628800000, 0x0000000628c00000|  0%| F|  |TAMS 0x0000000628800000| PB 0x0000000628800000| Untracked 
| 118|0x0000000628c00000, 0x0000000628c00000, 0x0000000629000000|  0%| F|  |TAMS 0x0000000628c00000| PB 0x0000000628c00000| Untracked 
| 119|0x0000000629000000, 0x0000000629000000, 0x0000000629400000|  0%| F|  |TAMS 0x0000000629000000| PB 0x0000000629000000| Untracked 
| 120|0x0000000629400000, 0x0000000629400000, 0x0000000629800000|  0%| F|  |TAMS 0x0000000629400000| PB 0x0000000629400000| Untracked 
| 121|0x0000000629800000, 0x0000000629800000, 0x0000000629c00000|  0%| F|  |TAMS 0x0000000629800000| PB 0x0000000629800000| Untracked 
| 122|0x0000000629c00000, 0x0000000629e6bbd0, 0x000000062a000000| 60%| E|  |TAMS 0x0000000629c00000| PB 0x0000000629c00000| Complete 
| 123|0x000000062a000000, 0x000000062a400000, 0x000000062a400000|100%| E|CS|TAMS 0x000000062a000000| PB 0x000000062a000000| Complete 
| 124|0x000000062a400000, 0x000000062a800000, 0x000000062a800000|100%| E|CS|TAMS 0x000000062a400000| PB 0x000000062a400000| Complete 
| 125|0x000000062a800000, 0x000000062ac00000, 0x000000062ac00000|100%| E|CS|TAMS 0x000000062a800000| PB 0x000000062a800000| Complete 

Card table byte_map: [0x0000019f63590000,0x0000019f64540000] _byte_map_base: 0x0000019f60536000

Marking Bits: (CMBitMap*) 0x0000019f4a5a9080
 Bits: [0x0000019f64540000, 0x0000019f6c270000)

Polling page: 0x0000019f48430000

Metaspace:

Usage:
  Non-class:      3.26 MB used.
      Class:    357.27 KB used.
       Both:      3.61 MB used.

Virtual space:
  Non-class space:       64.00 MB reserved,       3.31 MB (  5%) committed,  1 nodes.
      Class space:        1.00 GB reserved,     448.00 KB ( <1%) committed,  1 nodes.
             Both:        1.06 GB reserved,       3.75 MB ( <1%) committed. 

Chunk freelists:
   Non-Class:  10.69 MB
       Class:  15.55 MB
        Both:  26.23 MB

MaxMetaspaceSize: unlimited
CompressedClassSpaceSize: 1.00 GB
Initial GC threshold: 21.00 MB
Current GC threshold: 21.00 MB
CDS: on
 - commit_granule_bytes: 65536.
 - commit_granule_words: 8192.
 - virtual_space_node_default_size: 8388608.
 - enlarge_chunks_in_place: 1.
 - use_allocation_guard: 0.


Internal statistics:

num_allocs_failed_limit: 0.
num_arena_births: 48.
num_arena_deaths: 0.
num_vsnodes_births: 2.
num_vsnodes_deaths: 0.
num_space_committed: 60.
num_space_uncommitted: 0.
num_chunks_returned_to_freelist: 0.
num_chunks_taken_from_freelist: 122.
num_chunk_merges: 0.
num_chunk_splits: 83.
num_chunks_enlarged: 60.
num_inconsistent_stats: 0.

CodeHeap 'non-profiled nmethods': size=119168Kb used=305Kb max_used=305Kb free=118862Kb
 bounds [0x0000019f5a8f0000, 0x0000019f5ab60000, 0x0000019f61d50000]
CodeHeap 'profiled nmethods': size=119104Kb used=1832Kb max_used=1832Kb free=117271Kb
 bounds [0x0000019f52d50000, 0x0000019f52fc0000, 0x0000019f5a1a0000]
CodeHeap 'non-nmethods': size=7488Kb used=3182Kb max_used=3199Kb free=4305Kb
 bounds [0x0000019f5a1a0000, 0x0000019f5a4d0000, 0x0000019f5a8f0000]
 total_blobs=1498 nmethods=1031 adapters=369
 compilation: enabled
              stopped_count=0, restarted_count=0
 full_count=0

Compilation events (20 events):
Event: 0.277 Thread 0x0000019f6f939720 nmethod 952 0x0000019f5a936f10 code [0x0000019f5a9370a0, 0x0000019f5a937170]
Event: 0.278 Thread 0x0000019f6f25cc30 nmethod 949 0x0000019f5a937210 code [0x0000019f5a9373c0, 0x0000019f5a937640]
Event: 0.278 Thread 0x0000019f6f25cc30  951       4       java.util.HashMap::put (13 bytes)
Event: 0.278 Thread 0x0000019f6f3e9b30 nmethod 948 0x0000019f5a937810 code [0x0000019f5a9379c0, 0x0000019f5a937fb8]
Event: 0.278 Thread 0x0000019f6f939720  953       3       java.lang.String::charAt (25 bytes)
Event: 0.279 Thread 0x0000019f6f939720 nmethod 953 0x0000019f52eecb90 code [0x0000019f52eecd80, 0x0000019f52eed2c8]
Event: 0.279 Thread 0x0000019f6f939720  954       3       sun.net.www.protocol.file.Handler::parseURL (18 bytes)
Event: 0.279 Thread 0x0000019f6f33b7b0  955       3       java.net.URLStreamHandler::parseURL (1124 bytes)
Event: 0.280 Thread 0x0000019f6f939720 nmethod 954 0x0000019f52eed510 code [0x0000019f52eed6c0, 0x0000019f52eed880]
Event: 0.280 Thread 0x0000019f6f3e9b30  956  s!   4       jdk.internal.loader.URLClassPath::getLoader (194 bytes)
Event: 0.282 Thread 0x0000019f6f939720  958       3       sun.net.www.protocol.jar.Handler::checkNestedProtocol (18 bytes)
Event: 0.282 Thread 0x0000019f6f939720 nmethod 958 0x0000019f52eed990 code [0x0000019f52eedb40, 0x0000019f52eedd18]
Event: 0.283 Thread 0x0000019f6f939720  959       3       java.lang.StringLatin1::canEncode (13 bytes)
Event: 0.283 Thread 0x0000019f6f939720 nmethod 959 0x0000019f52eede10 code [0x0000019f52eedfa0, 0x0000019f52eee0e0]
Event: 0.284 Thread 0x0000019f6f939720  960   !   3       jdk.internal.ref.PhantomCleanable::remove (60 bytes)
Event: 0.284 Thread 0x0000019f6f27e950  961       3       java.lang.ref.Reference::clear (5 bytes)
Event: 0.284 Thread 0x0000019f6f27e950 nmethod 961 0x0000019f52eee190 code [0x0000019f52eee340, 0x0000019f52eee478]
Event: 0.285 Thread 0x0000019f6f939720 nmethod 960 0x0000019f52eee510 code [0x0000019f52eee6e0, 0x0000019f52eeeb30]
Event: 0.286 Thread 0x0000019f6f939720  962       3       java.net.URL::toString (5 bytes)
Event: 0.286 Thread 0x0000019f6f939720 nmethod 962 0x0000019f52eeed10 code [0x0000019f52eeeec0, 0x0000019f52eef0f8]

GC Heap History (0 events):
No events

Dll operation events (12 events):
Event: 0.009 Loaded shared library C:\Program Files\Zulu\zulu-21\bin\java.dll
Event: 0.050 Loaded shared library C:\Program Files\Zulu\zulu-21\bin\jsvml.dll
Event: 0.085 Loaded shared library C:\Program Files\Zulu\zulu-21\bin\zip.dll
Event: 0.090 Loaded shared library C:\Program Files\Zulu\zulu-21\bin\instrument.dll
Event: 0.094 Loaded shared library C:\Program Files\Zulu\zulu-21\bin\net.dll
Event: 0.095 Loaded shared library C:\Program Files\Zulu\zulu-21\bin\nio.dll
Event: 0.099 Loaded shared library C:\Program Files\Zulu\zulu-21\bin\zip.dll
Event: 0.111 Loaded shared library D:\IntelliJ IDEA 2024.2.0.1\bin\breakgen64.dll
Event: 0.117 Loaded shared library C:\Program Files\Zulu\zulu-21\bin\extnet.dll
Event: 0.181 Loaded shared library C:\Program Files\Zulu\zulu-21\bin\jimage.dll
Event: 0.192 Loaded shared library C:\Users\Sudark\AppData\Local\Temp\jansi-2.4.1-aed10347c2c4e7aa-jansi.dll
Event: 0.199 Loaded shared library C:\Program Files\Zulu\zulu-21\bin\verify.dll

Deoptimization events (20 events):
Event: 0.275 Thread 0x0000019f4a5433b0 Uncommon trap: trap_request=0xffffff45 fr.pc=0x0000019f5a935874 relative=0x00000000000004f4
Event: 0.275 Thread 0x0000019f4a5433b0 Uncommon trap: reason=unstable_if action=reinterpret pc=0x0000019f5a935874 method=java.util.regex.Matcher.search(I)Z @ 30 c2
Event: 0.275 Thread 0x0000019f4a5433b0 DEOPT PACKING pc=0x0000019f5a935874 sp=0x0000000a47bfddd0
Event: 0.275 Thread 0x0000019f4a5433b0 DEOPT UNPACKING pc=0x0000019f5a1f7da2 sp=0x0000000a47bfddc0 mode 2
Event: 0.277 Thread 0x0000019f4a5433b0 Uncommon trap: trap_request=0xffffff45 fr.pc=0x0000019f5a90c9c4 relative=0x00000000000004e4
Event: 0.277 Thread 0x0000019f4a5433b0 Uncommon trap: reason=unstable_if action=reinterpret pc=0x0000019f5a90c9c4 method=java.lang.StringLatin1.canEncode(I)Z @ 4 c2
Event: 0.277 Thread 0x0000019f4a5433b0 DEOPT PACKING pc=0x0000019f5a90c9c4 sp=0x0000000a47bfe410
Event: 0.277 Thread 0x0000019f4a5433b0 DEOPT UNPACKING pc=0x0000019f5a1f7da2 sp=0x0000000a47bfe348 mode 2
Event: 0.277 Thread 0x0000019f4a5433b0 Uncommon trap: trap_request=0xffffff45 fr.pc=0x0000019f5a92392c relative=0x00000000000004cc
Event: 0.277 Thread 0x0000019f4a5433b0 Uncommon trap: reason=unstable_if action=reinterpret pc=0x0000019f5a92392c method=java.lang.AbstractStringBuilder.isLatin1()Z @ 10 c2
Event: 0.277 Thread 0x0000019f4a5433b0 DEOPT PACKING pc=0x0000019f5a92392c sp=0x0000000a47bfe430
Event: 0.277 Thread 0x0000019f4a5433b0 DEOPT UNPACKING pc=0x0000019f5a1f7da2 sp=0x0000000a47bfe3c0 mode 2
Event: 0.277 Thread 0x0000019f4a5433b0 Uncommon trap: trap_request=0xffffff45 fr.pc=0x0000019f5a9036e8 relative=0x00000000000000c8
Event: 0.277 Thread 0x0000019f4a5433b0 Uncommon trap: reason=unstable_if action=reinterpret pc=0x0000019f5a9036e8 method=java.lang.String.charAt(I)C @ 4 c2
Event: 0.277 Thread 0x0000019f4a5433b0 DEOPT PACKING pc=0x0000019f5a9036e8 sp=0x0000000a47bfe0e0
Event: 0.277 Thread 0x0000019f4a5433b0 DEOPT UNPACKING pc=0x0000019f5a1f7da2 sp=0x0000000a47bfe080 mode 2
Event: 0.279 Thread 0x0000019f4a5433b0 Uncommon trap: trap_request=0xffffff45 fr.pc=0x0000019f5a90f168 relative=0x0000000000000048
Event: 0.279 Thread 0x0000019f4a5433b0 Uncommon trap: reason=unstable_if action=reinterpret pc=0x0000019f5a90f168 method=java.lang.StringLatin1.canEncode(I)Z @ 4 c2
Event: 0.279 Thread 0x0000019f4a5433b0 DEOPT PACKING pc=0x0000019f5a90f168 sp=0x0000000a47bfe3c0
Event: 0.279 Thread 0x0000019f4a5433b0 DEOPT UNPACKING pc=0x0000019f5a1f7da2 sp=0x0000000a47bfe350 mode 2

Classes loaded (20 events):
Event: 0.254 Loading class java/util/concurrent/locks/ReentrantReadWriteLock$Sync done
Event: 0.254 Loading class java/util/concurrent/locks/ReentrantReadWriteLock$NonfairSync done
Event: 0.254 Loading class java/util/concurrent/locks/ReentrantReadWriteLock$Sync$ThreadLocalHoldCounter
Event: 0.254 Loading class java/util/concurrent/locks/ReentrantReadWriteLock$Sync$ThreadLocalHoldCounter done
Event: 0.254 Loading class java/util/concurrent/locks/ReentrantReadWriteLock$ReadLock
Event: 0.254 Loading class java/util/concurrent/locks/ReentrantReadWriteLock$ReadLock done
Event: 0.254 Loading class java/util/concurrent/locks/ReentrantReadWriteLock$WriteLock
Event: 0.254 Loading class java/util/concurrent/locks/ReentrantReadWriteLock$WriteLock done
Event: 0.256 Loading class java/text/ParseException
Event: 0.256 Loading class java/text/ParseException done
Event: 0.261 Loading class sun/util/calendar/ZoneInfoFile$Checksum
Event: 0.261 Loading class sun/util/calendar/ZoneInfoFile$Checksum done
Event: 0.263 Loading class jdk/internal/module/ModulePatcher$PatchedModuleReader
Event: 0.263 Loading class jdk/internal/module/ModulePatcher$PatchedModuleReader done
Event: 0.263 Loading class sun/net/www/protocol/jrt/Handler
Event: 0.263 Loading class sun/net/www/protocol/jrt/Handler done
Event: 0.276 Loading class sun/text/resources/cldr/FormatData_en
Event: 0.276 Loading class sun/text/resources/cldr/FormatData_en done
Event: 0.276 Loading class sun/text/resources/cldr/FormatData_en_US
Event: 0.276 Loading class sun/text/resources/cldr/FormatData_en_US done

Classes unloaded (0 events):
No events

Classes redefined (0 events):
No events

Internal exceptions (13 events):
Event: 0.103 Thread 0x0000019f4a5433b0 Exception <a 'java/lang/NoSuchMethodError'{0x000000062abe6390}: 'void java.lang.invoke.DirectMethodHandle$Holder.invokeStatic(java.lang.Object, java.lang.Object, java.lang.Object)'> (0x000000062abe6390) 
thrown [s\src\hotspot\share\interpreter\linkResolver.cpp, line 773]
Event: 0.108 Thread 0x0000019f4a5433b0 Exception <a 'java/lang/NoSuchMethodError'{0x000000062abfdf98}: 'java.lang.Object java.lang.invoke.Invokers$Holder.invokeExact_MT(java.lang.Object, java.lang.Object, java.lang.Object, java.lang.Object, java.lang.Object)'> (0x000000062abfdf98) 
thrown [s\src\hotspot\share\interpreter\linkResolver.cpp, line 773]
Event: 0.118 Thread 0x0000019f6f554910 Exception <a 'java/lang/NoSuchMethodError'{0x000000062a484888}: 'void java.lang.invoke.DirectMethodHandle$Holder.invokeStatic(java.lang.Object, java.lang.Object)'> (0x000000062a484888) 
thrown [s\src\hotspot\share\interpreter\linkResolver.cpp, line 773]
Event: 0.126 Thread 0x0000019f4a5433b0 Exception <a 'java/lang/NoSuchMethodError'{0x000000062a473de8}: 'int java.lang.invoke.DirectMethodHandle$Holder.invokeSpecial(java.lang.Object, java.lang.Object, java.lang.Object)'> (0x000000062a473de8) 
thrown [s\src\hotspot\share\interpreter\linkResolver.cpp, line 773]
Event: 0.177 Thread 0x0000019f4a5433b0 Exception <a 'java/lang/NullPointerException'{0x000000062a762970}> (0x000000062a762970) 
thrown [s\src\hotspot\share\interpreter\linkResolver.cpp, line 1372]
Event: 0.186 Thread 0x0000019f4a5433b0 Exception <a 'sun/nio/fs/WindowsException'{0x000000062a7ffd30}> (0x000000062a7ffd30) 
thrown [s\src\hotspot\share\prims\jni.cpp, line 520]
Event: 0.198 Thread 0x0000019f4a5433b0 Exception <a 'sun/nio/fs/WindowsException'{0x000000062a04f2c8}> (0x000000062a04f2c8) 
thrown [s\src\hotspot\share\prims\jni.cpp, line 520]
Event: 0.198 Thread 0x0000019f4a5433b0 Exception <a 'sun/nio/fs/WindowsException'{0x000000062a04f988}> (0x000000062a04f988) 
thrown [s\src\hotspot\share\prims\jni.cpp, line 520]
Event: 0.198 Thread 0x0000019f4a5433b0 Exception <a 'sun/nio/fs/WindowsException'{0x000000062a04fee0}> (0x000000062a04fee0) 
thrown [s\src\hotspot\share\prims\jni.cpp, line 520]
Event: 0.198 Thread 0x0000019f4a5433b0 Exception <a 'sun/nio/fs/WindowsException'{0x000000062a0503e8}> (0x000000062a0503e8) 
thrown [s\src\hotspot\share\prims\jni.cpp, line 520]
Event: 0.198 Thread 0x0000019f4a5433b0 Exception <a 'sun/nio/fs/WindowsException'{0x000000062a0508a8}> (0x000000062a0508a8) 
thrown [s\src\hotspot\share\prims\jni.cpp, line 520]
Event: 0.205 Thread 0x0000019f4a5433b0 Exception <a 'java/lang/NoSuchMethodError'{0x000000062a09d510}: 'void java.lang.invoke.DirectMethodHandle$Holder.invokeStaticInit(java.lang.Object, java.lang.Object)'> (0x000000062a09d510) 
thrown [s\src\hotspot\share\interpreter\linkResolver.cpp, line 773]
Event: 0.243 Thread 0x0000019f4a5433b0 Exception <a 'java/lang/NoSuchMethodError'{0x000000062a24bd20}: 'java.lang.Object java.lang.invoke.DirectMethodHandle$Holder.invokeSpecialIFC(java.lang.Object, java.lang.Object, java.lang.Object, java.lang.Object)'> (0x000000062a24bd20) 
thrown [s\src\hotspot\share\interpreter\linkResolver.cpp, line 773]

ZGC Phase Switch (0 events):
No events

VM Operations (6 events):
Event: 0.073 Executing VM operation: HandshakeAllThreads (Deoptimize)
Event: 0.073 Executing VM operation: HandshakeAllThreads (Deoptimize) done
Event: 0.176 Executing VM operation: HandshakeAllThreads (Deoptimize)
Event: 0.176 Executing VM operation: HandshakeAllThreads (Deoptimize) done
Event: 0.183 Executing VM operation: HandshakeAllThreads (Deoptimize)
Event: 0.183 Executing VM operation: HandshakeAllThreads (Deoptimize) done

Memory protections (0 events):
No events

Nmethod flushes (0 events):
No events

Events (18 events):
Event: 0.031 Thread 0x0000019f4a5433b0 Thread added: 0x0000019f4a5433b0
Event: 0.048 Thread 0x0000019f4a5433b0 Thread added: 0x0000019f6f244090
Event: 0.048 Thread 0x0000019f4a5433b0 Thread added: 0x0000019f6f246dc0
Event: 0.048 Thread 0x0000019f4a5433b0 Thread added: 0x0000019f6f24a430
Event: 0.048 Thread 0x0000019f4a5433b0 Thread added: 0x0000019f6f24af80
Event: 0.048 Thread 0x0000019f4a5433b0 Thread added: 0x0000019f6f24bad0
Event: 0.049 Thread 0x0000019f4a5433b0 Thread added: 0x0000019f6f24c750
Event: 0.049 Thread 0x0000019f4a5433b0 Thread added: 0x0000019f6f25cc30
Event: 0.049 Thread 0x0000019f4a5433b0 Thread added: 0x0000019f6f27e950
Event: 0.054 Thread 0x0000019f6f27e950 Thread added: 0x0000019f6f33b7b0
Event: 0.068 Thread 0x0000019f4a5433b0 Thread added: 0x0000019f6f3dfab0
Event: 0.079 Thread 0x0000019f6f33b7b0 Thread added: 0x0000019f6f3e9b30
Event: 0.111 Thread 0x0000019f4a5433b0 Thread added: 0x0000019f6f554910
Event: 0.111 Thread 0x0000019f4a5433b0 Thread added: 0x0000019f6f555590
Event: 0.179 Thread 0x0000019f4a5433b0 Thread added: 0x0000019f6f75a860
Event: 0.192 Thread 0x0000019f6f75a860 Thread exited: 0x0000019f6f75a860
Event: 0.258 Thread 0x0000019f6f33b7b0 Thread added: 0x0000019f6f939720
Event: 0.258 Thread 0x0000019f6f27e950 Thread added: 0x0000019f6f71e710


Dynamic libraries:
0x00007ff714a60000 - 0x00007ff714a6e000 	C:\Program Files\Zulu\zulu-21\bin\java.exe
0x00007ffed1cb0000 - 0x00007ffed1ec7000 	C:\Windows\SYSTEM32\ntdll.dll
0x00007ffed13c0000 - 0x00007ffed1484000 	C:\Windows\System32\KERNEL32.DLL
0x00007ffecf430000 - 0x00007ffecf7dc000 	C:\Windows\System32\KERNELBASE.dll
0x00007ffecf8d0000 - 0x00007ffecf9e1000 	C:\Windows\System32\ucrtbase.dll
0x00007ffebdf50000 - 0x00007ffebdf69000 	C:\Program Files\Zulu\zulu-21\bin\jli.dll
0x00007ffec4540000 - 0x00007ffec455b000 	C:\Program Files\Zulu\zulu-21\bin\VCRUNTIME140.dll
0x00007ffed1050000 - 0x00007ffed11fe000 	C:\Windows\System32\USER32.dll
0x00007ffecefe0000 - 0x00007ffecf006000 	C:\Windows\System32\win32u.dll
0x00007ffebd910000 - 0x00007ffebdba3000 	C:\Windows\WinSxS\amd64_microsoft.windows.common-controls_6595b64144ccf1df_6.0.22621.3672_none_2713b9d173822955\COMCTL32.dll
0x00007ffed00a0000 - 0x00007ffed00c9000 	C:\Windows\System32\GDI32.dll
0x00007ffecf0e0000 - 0x00007ffecf1f9000 	C:\Windows\System32\gdi32full.dll
0x00007ffed0e40000 - 0x00007ffed0ee7000 	C:\Windows\System32\msvcrt.dll
0x00007ffecf040000 - 0x00007ffecf0da000 	C:\Windows\System32\msvcp_win.dll
0x00007ffecfb90000 - 0x00007ffecfbc1000 	C:\Windows\System32\IMM32.DLL
0x00007ffec4080000 - 0x00007ffec408c000 	C:\Program Files\Zulu\zulu-21\bin\vcruntime140_1.dll
0x00007ffe259b0000 - 0x00007ffe25a3e000 	C:\Program Files\Zulu\zulu-21\bin\msvcp140.dll
0x00007ffe241e0000 - 0x00007ffe24fbd000 	C:\Program Files\Zulu\zulu-21\bin\server\jvm.dll
0x00007ffecffe0000 - 0x00007ffed0092000 	C:\Windows\System32\ADVAPI32.dll
0x00007ffed0fa0000 - 0x00007ffed104a000 	C:\Windows\System32\sechost.dll
0x00007ffecf010000 - 0x00007ffecf038000 	C:\Windows\System32\bcrypt.dll
0x00007ffed18b0000 - 0x00007ffed19c5000 	C:\Windows\System32\RPCRT4.dll
0x00007ffecf9f0000 - 0x00007ffecfa61000 	C:\Windows\System32\WS2_32.dll
0x00007ffecde70000 - 0x00007ffecdebd000 	C:\Windows\SYSTEM32\POWRPROF.dll
0x00007ffec91f0000 - 0x00007ffec9224000 	C:\Windows\SYSTEM32\WINMM.dll
0x00007ffec5670000 - 0x00007ffec567a000 	C:\Windows\SYSTEM32\VERSION.dll
0x00007ffecde50000 - 0x00007ffecde63000 	C:\Windows\SYSTEM32\UMPDC.dll
0x00007ffece100000 - 0x00007ffece118000 	C:\Windows\SYSTEM32\kernel.appcore.dll
0x00007ffec3fe0000 - 0x00007ffec3fea000 	C:\Program Files\Zulu\zulu-21\bin\jimage.dll
0x00007ffecc550000 - 0x00007ffecc782000 	C:\Windows\SYSTEM32\DBGHELP.DLL
0x00007ffecfbd0000 - 0x00007ffecff58000 	C:\Windows\System32\combase.dll
0x00007ffed1b90000 - 0x00007ffed1c67000 	C:\Windows\System32\OLEAUT32.dll
0x00007ffeae700000 - 0x00007ffeae732000 	C:\Windows\SYSTEM32\dbgcore.DLL
0x00007ffecf7e0000 - 0x00007ffecf85b000 	C:\Windows\System32\bcryptPrimitives.dll
0x00007ffec4b70000 - 0x00007ffec4b80000 	C:\Program Files\Zulu\zulu-21\bin\instrument.dll
0x00007ffeaee50000 - 0x00007ffeaee72000 	C:\Program Files\Zulu\zulu-21\bin\java.dll
0x00007ffed05e0000 - 0x00007ffed0e3c000 	C:\Windows\System32\SHELL32.dll
0x00007ffeccf40000 - 0x00007ffecd837000 	C:\Windows\SYSTEM32\windows.storage.dll
0x00007ffecce00000 - 0x00007ffeccf3f000 	C:\Windows\SYSTEM32\wintypes.dll
0x00007ffecfa70000 - 0x00007ffecfb64000 	C:\Windows\System32\SHCORE.dll
0x00007ffed17a0000 - 0x00007ffed17fe000 	C:\Windows\System32\shlwapi.dll
0x00007ffecef10000 - 0x00007ffecef31000 	C:\Windows\SYSTEM32\profapi.dll
0x00007ffe258d0000 - 0x00007ffe259a7000 	C:\Program Files\Zulu\zulu-21\bin\jsvml.dll
0x00007ffeae480000 - 0x00007ffeae498000 	C:\Program Files\Zulu\zulu-21\bin\zip.dll
0x00007ffeb7fa0000 - 0x00007ffeb7fb2000 	C:\Program Files\Zulu\zulu-21\bin\net.dll
0x00007ffecaca0000 - 0x00007ffecadd6000 	C:\Windows\SYSTEM32\WINHTTP.dll
0x00007ffece570000 - 0x00007ffece5d9000 	C:\Windows\system32\mswsock.dll
0x00007ffeaef60000 - 0x00007ffeaef76000 	C:\Program Files\Zulu\zulu-21\bin\nio.dll
0x00007ffec4d30000 - 0x00007ffec4d4a000 	D:\IntelliJ IDEA 2024.2.0.1\bin\breakgen64.dll
0x00007ffeb9910000 - 0x00007ffeb9919000 	C:\Program Files\Zulu\zulu-21\bin\extnet.dll
0x00007ffeb9c50000 - 0x00007ffeb9c74000 	C:\Users\Sudark\AppData\Local\Temp\jansi-2.4.1-aed10347c2c4e7aa-jansi.dll
0x00007ffebc6a0000 - 0x00007ffebc6b0000 	C:\Program Files\Zulu\zulu-21\bin\verify.dll

dbghelp: loaded successfully - version: 4.0.5 - missing functions: none
symbol engine: initialized successfully - sym options: 0x614 - pdb path: .;C:\Program Files\Zulu\zulu-21\bin;C:\Windows\SYSTEM32;C:\Windows\WinSxS\amd64_microsoft.windows.common-controls_6595b64144ccf1df_6.0.22621.3672_none_2713b9d173822955;C:\Program Files\Zulu\zulu-21\bin\server;D:\IntelliJ IDEA 2024.2.0.1\bin;C:\Users\Sudark\AppData\Local\Temp

VM Arguments:
jvm_args: -Dmaven.multiModuleProjectDirectory=C:\Users\Sudark\IdeaProjects\City -Djansi.passthrough=true -Dmaven.home=D:\IntelliJ IDEA 2024.2.0.1\plugins\maven\lib\maven3 -Dclassworlds.conf=D:\IntelliJ IDEA 2024.2.0.1\plugins\maven\lib\maven3\bin\m2.conf -Dmaven.ext.class.path=D:\IntelliJ IDEA 2024.2.0.1\plugins\maven\lib\maven-event-listener.jar -javaagent:D:\IntelliJ IDEA 2024.2.0.1\lib\idea_rt.jar=8861:D:\IntelliJ IDEA 2024.2.0.1\bin -Dfile.encoding=UTF-8 -Dsun.stdout.encoding=UTF-8 -Dsun.stderr.encoding=UTF-8 
java_command: org.codehaus.classworlds.Launcher -Didea.version=2024.2.0.1 package
java_class_path (initial): D:\IntelliJ IDEA 2024.2.0.1\plugins\maven\lib\maven3\boot\plexus-classworlds-2.8.0.jar;D:\IntelliJ IDEA 2024.2.0.1\plugins\maven\lib\maven3\boot\plexus-classworlds.license
Launcher Type: SUN_STANDARD

[Global flags]
     intx CICompilerCount                          = 12                                        {product} {ergonomic}
     uint ConcGCThreads                            = 3                                         {product} {ergonomic}
     uint G1ConcRefinementThreads                  = 13                                        {product} {ergonomic}
   size_t G1HeapRegionSize                         = 4194304                                   {product} {ergonomic}
    uintx GCDrainStackTargetSize                   = 64                                        {product} {ergonomic}
   size_t InitialHeapSize                          = 528482304                                 {product} {ergonomic}
   size_t MarkStackSize                            = 4194304                                   {product} {ergonomic}
   size_t MaxHeapSize                              = 8401190912                                {product} {ergonomic}
   size_t MaxNewSize                               = 5037359104                                {product} {ergonomic}
   size_t MinHeapDeltaBytes                        = 4194304                                   {product} {ergonomic}
   size_t MinHeapSize                              = 8388608                                   {product} {ergonomic}
    uintx NonNMethodCodeHeapSize                   = 7602480                                {pd product} {ergonomic}
    uintx NonProfiledCodeHeapSize                  = 122027880                              {pd product} {ergonomic}
    uintx ProfiledCodeHeapSize                     = 122027880                              {pd product} {ergonomic}
    uintx ReservedCodeCacheSize                    = 251658240                              {pd product} {ergonomic}
     bool SegmentedCodeCache                       = true                                      {product} {ergonomic}
   size_t SoftMaxHeapSize                          = 8401190912                             {manageable} {ergonomic}
     bool UseCompressedOops                        = true                           {product lp64_product} {ergonomic}
     bool UseG1GC                                  = true                                      {product} {ergonomic}
     bool UseLargePagesIndividualAllocation        = false                                  {pd product} {ergonomic}

Logging:
Log output configuration:
 #0: stdout all=warning uptime,level,tags foldmultilines=false
 #1: stderr all=off uptime,level,tags foldmultilines=false

Environment Variables:
PATH=C:\Program Files\Zulu\zulu-21\bin\;C:\Windows\system32;C:\Windows;C:\Windows\System32\Wbem;C:\Windows\System32\WindowsPowerShell\v1.0\;C:\Windows\System32\OpenSSH\;C:\Program Files\dotnet\;D:\Git\cmd;C:\Program Files (x86)\Windows Kits\10\Windows Performance Toolkit\;C:\Users\Sudark\AppData\Local\Microsoft\WindowsApps;C:\Users\Sudark\AppData\Local\Programs\Microsoft VS Code\bin
USERNAME=Sudark
OS=Windows_NT
PROCESSOR_IDENTIFIER=AMD64 Family 25 Model 117 Stepping 2, AuthenticAMD
TMP=C:\Users\Sudark\AppData\Local\Temp
TEMP=C:\Users\Sudark\AppData\Local\Temp




Periodic native trim disabled

---------------  S Y S T E M  ---------------

OS:
 Windows 11 , 64 bit Build 22621 (10.0.22621.3672)
OS uptime: 8 days 7:10 hours

CPU: total 16 (initial active 16) (16 cores per cpu, 2 threads per core) family 25 model 117 stepping 2 microcode 0x0, cx8, cmov, fxsr, ht, mmx, 3dnowpref, sse, sse2, sse3, ssse3, sse4a, sse4.1, sse4.2, popcnt, lzcnt, tsc, tscinvbit, avx, avx2, aes, erms, clmul, bmi1, bmi2, adx, avx512f, avx512dq, avx512cd, avx512bw, avx512vl, sha, fma, vzeroupper, avx512_vpopcntdq, avx512_vpclmulqdq, avx512_vaes, avx512_vnni, clflush, clflushopt, avx512_vbmi2, avx512_vbmi, rdtscp, rdpid, fsrm, gfni, avx512_bitalg, f16c, pku, cet_ss, avx512_ifma
Processor Information for the first 16 processors :
  Max Mhz: 3801, Current Mhz: 3801, Mhz Limit: 3801

Memory: 4k page, system-wide physical 32042M (6738M free)
TotalPageFile size 57644M (AvailPageFile size 5M)
current process WorkingSet (physical memory assigned to process): 68M, peak: 68M
current process commit charge ("private bytes"): 621M, peak: 621M

vm_info: OpenJDK 64-Bit Server VM (21.0.6+7-LTS) for windows-amd64 JRE (21.0.6+7-LTS) (Zulu21.40+17-CA), built on 2025-01-07T13:04:52Z by "zulu_re" with MS VC++ 17.1 (VS2022)

END.
