#
# There is insufficient memory for the Java Runtime Environment to continue.
# Native memory allocation (malloc) failed to allocate 65552 bytes. Error detail: Chunk::new
# Possible reasons:
#   The system is out of physical RAM or swap space
#   This process is running with CompressedOops enabled, and the Java Heap may be blocking the growth of the native heap
# Possible solutions:
#   Reduce memory load on the system
#   Increase physical memory or swap space
#   Check if swap backing store is full
#   Decrease Java heap size (-Xmx/-Xms)
#   Decrease number of Java threads
#   Decrease Java thread stack sizes (-Xss)
#   Set larger code cache with -XX:ReservedCodeCacheSize=
#   JVM is running with Zero Based Compressed Oops mode in which the Java heap is
#     placed in the first 32GB address space. The Java Heap base address is the
#     maximum limit for the native heap growth. Please use -XX:HeapBaseMinAddress
#     to set the Java Heap base and to place the Java Heap above 32GB virtual address.
# This output file may be truncated or incomplete.
#
#  Out of Memory Error (arena.cpp:168), pid=8096, tid=29316
#
# JRE version: OpenJDK Runtime Environment Zulu21.40+17-CA (21.0.6+7) (build 21.0.6+7-LTS)
# Java VM: OpenJDK 64-Bit Server VM Zulu21.40+17-CA (21.0.6+7-LTS, mixed mode, sharing, tiered, compressed oops, compressed class ptrs, g1 gc, windows-amd64)
# No core dump will be written. Minidumps are not enabled by default on client versions of Windows
#

---------------  S U M M A R Y ------------

Command Line: -Dmaven.multiModuleProjectDirectory=C:\Users\Sudark\IdeaProjects\City -Djansi.passthrough=true -Dmaven.home=D:\IntelliJ IDEA 2024.2.0.1\plugins\maven\lib\maven3 -Dclassworlds.conf=D:\IntelliJ IDEA 2024.2.0.1\plugins\maven\lib\maven3\bin\m2.conf -Dmaven.ext.class.path=D:\IntelliJ IDEA 2024.2.0.1\plugins\maven\lib\maven-event-listener.jar -javaagent:D:\IntelliJ IDEA 2024.2.0.1\lib\idea_rt.jar=6669:D:\IntelliJ IDEA 2024.2.0.1\bin -Dfile.encoding=UTF-8 -Dsun.stdout.encoding=UTF-8 -Dsun.stderr.encoding=UTF-8 org.codehaus.classworlds.Launcher -Didea.version=2024.2.0.1 package

Host: AMD Ryzen 7 8845HS w/ Radeon 780M Graphics, 16 cores, 31G,  Windows 11 , 64 bit Build 22621 (10.0.22621.3672)
Time: Mon Nov 17 00:23:23 2025  Windows 11 , 64 bit Build 22621 (10.0.22621.3672) elapsed time: 0.457958 seconds (0d 0h 0m 0s)

---------------  T H R E A D  ---------------

Current thread (0x0000022eaad35ba0):  JavaThread "C2 CompilerThread5" daemon [_thread_in_native, id=29316, stack(0x00000054dae00000,0x00000054daf00000) (1024K)]


Current CompileTask:
C2:458 1308   !   4       sun.nio.cs.StreamDecoder::read0 (59 bytes)

Stack: [0x00000054dae00000,0x00000054daf00000]
Native frames: (J=compiled Java code, j=interpreted, Vv=VM code, C=native code)
V  [jvm.dll+0x6fb489]
V  [jvm.dll+0x8dee5f]
V  [jvm.dll+0x8e1258]
V  [jvm.dll+0x8e19c3]
V  [jvm.dll+0x299796]
V  [jvm.dll+0xd2b0d]
V  [jvm.dll+0xd3043]
V  [jvm.dll+0xd2c35]
V  [jvm.dll+0x7232ef]
V  [jvm.dll+0x70fc39]
V  [jvm.dll+0x70b95b]
V  [jvm.dll+0x1de13c]
V  [jvm.dll+0x1dec7e]
V  [jvm.dll+0x30d680]
V  [jvm.dll+0x716080]
V  [jvm.dll+0x70e3c6]
V  [jvm.dll+0x70d84e]
V  [jvm.dll+0x70b963]
V  [jvm.dll+0x1de13c]
V  [jvm.dll+0x1dec7e]
V  [jvm.dll+0x30d680]
V  [jvm.dll+0x716080]
V  [jvm.dll+0x70e3c6]
V  [jvm.dll+0x70d84e]
V  [jvm.dll+0x70b963]
V  [jvm.dll+0x1de13c]
V  [jvm.dll+0x1dec7e]
V  [jvm.dll+0x30d680]
V  [jvm.dll+0x716080]
V  [jvm.dll+0x70e3c6]
V  [jvm.dll+0x70d84e]
V  [jvm.dll+0x70b963]
V  [jvm.dll+0x1de13c]
V  [jvm.dll+0x1dec7e]
V  [jvm.dll+0x30d680]
V  [jvm.dll+0x716080]
V  [jvm.dll+0x70e3c6]
V  [jvm.dll+0x70d84e]
V  [jvm.dll+0x70b963]
V  [jvm.dll+0x1de13c]
V  [jvm.dll+0x1dec7e]
V  [jvm.dll+0x30d680]
V  [jvm.dll+0x716080]
V  [jvm.dll+0x70e3c6]
V  [jvm.dll+0x70d84e]
V  [jvm.dll+0x70b963]
V  [jvm.dll+0x1de13c]
V  [jvm.dll+0x1dec7e]
V  [jvm.dll+0x30d680]
V  [jvm.dll+0x716080]
V  [jvm.dll+0x70e3c6]
V  [jvm.dll+0x70d84e]
V  [jvm.dll+0x70b963]
V  [jvm.dll+0x1de13c]
V  [jvm.dll+0x1dec7e]
V  [jvm.dll+0x30d680]
V  [jvm.dll+0x716080]
V  [jvm.dll+0x70e3c6]
V  [jvm.dll+0x70d84e]
V  [jvm.dll+0x70b963]
V  [jvm.dll+0x1de13c]
V  [jvm.dll+0x1dec7e]
V  [jvm.dll+0x30d680]
V  [jvm.dll+0x716080]
V  [jvm.dll+0x70e3c6]
V  [jvm.dll+0x70d84e]
V  [jvm.dll+0x70b963]
V  [jvm.dll+0x1de13c]
V  [jvm.dll+0x1dec7e]
V  [jvm.dll+0x30d680]
V  [jvm.dll+0x716080]
V  [jvm.dll+0x70e3c6]
V  [jvm.dll+0x70d84e]
V  [jvm.dll+0x70b963]
V  [jvm.dll+0x1de13c]
V  [jvm.dll+0x25c7d2]
V  [jvm.dll+0x1daf44]
V  [jvm.dll+0x26c860]
V  [jvm.dll+0x26ada9]
V  [jvm.dll+0x414054]
V  [jvm.dll+0x886176]
V  [jvm.dll+0x6f9b84]
C  [ucrtbase.dll+0x29333]
C  [KERNEL32.DLL+0x1257d]
C  [ntdll.dll+0x5af28]


---------------  P R O C E S S  ---------------

Threads class SMR info:
_java_thread_list=0x0000022ef003cc00, length=22, elements={
0x0000022e8557cb10, 0x0000022eaa2944b0, 0x0000022eaa2971e0, 0x0000022eaa29b180,
0x0000022eaa29ce10, 0x0000022eaa29f380, 0x0000022eaa2a0580, 0x0000022eaa2b02e0,
0x0000022eaa2b4d90, 0x0000022eaa36f1f0, 0x0000022eaa47bba0, 0x0000022eaa480a30,
0x0000022eaa4813e0, 0x0000022eaa485fb0, 0x0000022eaa486660, 0x0000022eaa561200,
0x0000022eaa561870, 0x0000022eaad349c0, 0x0000022eaad35070, 0x0000022eaad35ba0,
0x0000022ef0638510, 0x0000022ef0638bc0
}

Java Threads: ( => current thread )
  0x0000022e8557cb10 JavaThread "main"                              [_thread_in_vm, id=33300, stack(0x00000054d9400000,0x00000054d9500000) (1024K)]
  0x0000022eaa2944b0 JavaThread "Reference Handler"          daemon [_thread_blocked, id=9844, stack(0x00000054d9c00000,0x00000054d9d00000) (1024K)]
  0x0000022eaa2971e0 JavaThread "Finalizer"                  daemon [_thread_blocked, id=10088, stack(0x00000054d9d00000,0x00000054d9e00000) (1024K)]
  0x0000022eaa29b180 JavaThread "Signal Dispatcher"          daemon [_thread_blocked, id=30920, stack(0x00000054d9e00000,0x00000054d9f00000) (1024K)]
  0x0000022eaa29ce10 JavaThread "Attach Listener"            daemon [_thread_blocked, id=9920, stack(0x00000054d9f00000,0x00000054da000000) (1024K)]
  0x0000022eaa29f380 JavaThread "Service Thread"             daemon [_thread_blocked, id=26248, stack(0x00000054da000000,0x00000054da100000) (1024K)]
  0x0000022eaa2a0580 JavaThread "Monitor Deflation Thread"   daemon [_thread_blocked, id=14352, stack(0x00000054da100000,0x00000054da200000) (1024K)]
  0x0000022eaa2b02e0 JavaThread "C2 CompilerThread0"         daemon [_thread_in_native, id=17084, stack(0x00000054da200000,0x00000054da300000) (1024K)]
  0x0000022eaa2b4d90 JavaThread "C1 CompilerThread0"         daemon [_thread_blocked, id=32968, stack(0x00000054da300000,0x00000054da400000) (1024K)]
  0x0000022eaa36f1f0 JavaThread "C1 CompilerThread1"         daemon [_thread_blocked, id=19476, stack(0x00000054da400000,0x00000054da500000) (1024K)]
  0x0000022eaa47bba0 JavaThread "Common-Cleaner"             daemon [_thread_blocked, id=4440, stack(0x00000054da500000,0x00000054da600000) (1024K)]
  0x0000022eaa480a30 JavaThread "C1 CompilerThread2"         daemon [_thread_blocked, id=2756, stack(0x00000054da600000,0x00000054da700000) (1024K)]
  0x0000022eaa4813e0 JavaThread "C1 CompilerThread3"         daemon [_thread_blocked, id=17220, stack(0x00000054da700000,0x00000054da800000) (1024K)]
  0x0000022eaa485fb0 JavaThread "C2 CompilerThread1"         daemon [_thread_in_native, id=23568, stack(0x00000054da800000,0x00000054da900000) (1024K)]
  0x0000022eaa486660 JavaThread "C2 CompilerThread2"         daemon [_thread_in_native, id=33784, stack(0x00000054da900000,0x00000054daa00000) (1024K)]
  0x0000022eaa561200 JavaThread "Monitor Ctrl-Break"         daemon [_thread_in_native, id=21976, stack(0x00000054daa00000,0x00000054dab00000) (1024K)]
  0x0000022eaa561870 JavaThread "Notification Thread"        daemon [_thread_blocked, id=16344, stack(0x00000054dab00000,0x00000054dac00000) (1024K)]
  0x0000022eaad349c0 JavaThread "C2 CompilerThread3"         daemon [_thread_in_native, id=13268, stack(0x00000054dac00000,0x00000054dad00000) (1024K)]
  0x0000022eaad35070 JavaThread "C2 CompilerThread4"         daemon [_thread_in_native, id=7616, stack(0x00000054dad00000,0x00000054dae00000) (1024K)]
=>0x0000022eaad35ba0 JavaThread "C2 CompilerThread5"         daemon [_thread_in_native, id=29316, stack(0x00000054dae00000,0x00000054daf00000) (1024K)]
  0x0000022ef0638510 JavaThread "C2 CompilerThread6"         daemon [_thread_in_native, id=13072, stack(0x00000054daf00000,0x00000054db000000) (1024K)]
  0x0000022ef0638bc0 JavaThread "C2 CompilerThread7"         daemon [_thread_in_native, id=22132, stack(0x00000054db000000,0x00000054db100000) (1024K)]
Total: 22

Other Threads:
  0x0000022ea7485d30 VMThread "VM Thread"                           [id=9996, stack(0x00000054d9b00000,0x00000054d9c00000) (1024K)]
  0x0000022ea7475060 WatcherThread "VM Periodic Task Thread"        [id=27216, stack(0x00000054d9a00000,0x00000054d9b00000) (1024K)]
  0x0000022ea72dfa40 WorkerThread "GC Thread#0"                     [id=32880, stack(0x00000054d9500000,0x00000054d9600000) (1024K)]
  0x0000022ef00870d0 WorkerThread "GC Thread#1"                     [id=5992, stack(0x00000054db100000,0x00000054db200000) (1024K)]
  0x0000022ef0087480 WorkerThread "GC Thread#2"                     [id=11876, stack(0x00000054db200000,0x00000054db300000) (1024K)]
  0x0000022ef0fc68d0 WorkerThread "GC Thread#3"                     [id=18364, stack(0x00000054db300000,0x00000054db400000) (1024K)]
  0x0000022ef0fc73e0 WorkerThread "GC Thread#4"                     [id=24808, stack(0x00000054db400000,0x00000054db500000) (1024K)]
  0x0000022ef0fc7790 WorkerThread "GC Thread#5"                     [id=33604, stack(0x00000054db500000,0x00000054db600000) (1024K)]
  0x0000022ef0fc7b40 WorkerThread "GC Thread#6"                     [id=13972, stack(0x00000054db600000,0x00000054db700000) (1024K)]
  0x0000022ef0fc6c80 WorkerThread "GC Thread#7"                     [id=13824, stack(0x00000054db700000,0x00000054db800000) (1024K)]
  0x0000022ef0fc7ef0 WorkerThread "GC Thread#8"                     [id=8888, stack(0x00000054db800000,0x00000054db900000) (1024K)]
  0x0000022ef0fc7030 WorkerThread "GC Thread#9"                     [id=18260, stack(0x00000054db900000,0x00000054dba00000) (1024K)]
  0x0000022ef0fc82a0 WorkerThread "GC Thread#10"                    [id=15384, stack(0x00000054dba00000,0x00000054dbb00000) (1024K)]
  0x0000022ef0cae010 WorkerThread "GC Thread#11"                    [id=29512, stack(0x00000054dbb00000,0x00000054dbc00000) (1024K)]
  0x0000022e855f5b70 ConcurrentGCThread "G1 Main Marker"            [id=30912, stack(0x00000054d9600000,0x00000054d9700000) (1024K)]
  0x0000022e855f6590 WorkerThread "G1 Conc#0"                       [id=10484, stack(0x00000054d9700000,0x00000054d9800000) (1024K)]
  0x0000022ea7347990 ConcurrentGCThread "G1 Refine#0"               [id=3476, stack(0x00000054d9800000,0x00000054d9900000) (1024K)]
  0x0000022ea7348420 ConcurrentGCThread "G1 Service"                [id=2832, stack(0x00000054d9900000,0x00000054d9a00000) (1024K)]
Total: 18

Threads with active compile tasks:
C2 CompilerThread0  492 1281       4       java.io.InputStreamReader::read (11 bytes)
C2 CompilerThread1  492 1276   !   4       sun.nio.cs.StreamDecoder::read (78 bytes)
C2 CompilerThread2  492 1278       4       sun.nio.cs.StreamDecoder::lockedRead (189 bytes)
C2 CompilerThread3  492 1282       4       org.codehaus.plexus.util.xml.XmlReader::read (11 bytes)
C2 CompilerThread4  492 1283       4       java.io.Reader::read (21 bytes)
C2 CompilerThread5  492 1308   !   4       sun.nio.cs.StreamDecoder::read0 (59 bytes)
C2 CompilerThread6  492 1294       4       org.codehaus.plexus.util.InterpolationFilterReader::read (477 bytes)
C2 CompilerThread7  492 1327       4       org.codehaus.plexus.util.xml.pull.MXParser::nextImpl (1203 bytes)
Total: 8

VM state: not at safepoint (normal execution)

VM Mutex/Monitor currently owned by a thread: None

Heap address: 0x000000060b400000, size: 8012 MB, Compressed Oops mode: Zero based, Oop shift amount: 3

CDS archive(s) mapped at: [0x0000022eab000000-0x0000022eabcd0000-0x0000022eabcd0000), size 13434880, SharedBaseAddress: 0x0000022eab000000, ArchiveRelocationMode: 1.
Compressed class space mapped at: 0x0000022eac000000-0x0000022eec000000, reserved size: 1073741824
Narrow klass base: 0x0000022eab000000, Narrow klass shift: 0, Narrow klass range: 0x100000000

GC Precious Log:
 CardTable entry size: 512
 Card Set container configuration: InlinePtr #cards 4 size 8 Array Of Cards #cards 32 size 80 Howl #buckets 8 coarsen threshold 7372 Howl Bitmap #cards 1024 size 144 coarsen threshold 921 Card regions per heap region 1 cards per card region 8192
 CPUs: 16 total, 16 available
 Memory: 32042M
 Large Page Support: Disabled
 NUMA Support: Disabled
 Compressed Oops: Enabled (Zero based)
 Heap Region Size: 4M
 Heap Min Capacity: 8M
 Heap Initial Capacity: 504M
 Heap Max Capacity: 8012M
 Pre-touch: Disabled
 Parallel Workers: 13
 Concurrent Workers: 3
 Concurrent Refinement Workers: 13
 Periodic GC: Disabled

Heap:
 garbage-first heap   total 516096K, used 8217K [0x000000060b400000, 0x0000000800000000)
  region size 4096K, 3 young (12288K), 1 survivors (4096K)
 Metaspace       used 6463K, committed 6592K, reserved 1114112K
  class space    used 721K, committed 768K, reserved 1048576K

Heap Regions: E=young(eden), S=young(survivor), O=old, HS=humongous(starts), HC=humongous(continues), CS=collection set, F=free, TAMS=top-at-mark-start, PB=parsable bottom
|   0|0x000000060b400000, 0x000000060b4067f8, 0x000000060b800000|  0%| O|  |TAMS 0x000000060b400000| PB 0x000000060b400000| Untracked 
|   1|0x000000060b800000, 0x000000060b800000, 0x000000060bc00000|  0%| F|  |TAMS 0x000000060b800000| PB 0x000000060b800000| Untracked 
|   2|0x000000060bc00000, 0x000000060bc00000, 0x000000060c000000|  0%| F|  |TAMS 0x000000060bc00000| PB 0x000000060bc00000| Untracked 
|   3|0x000000060c000000, 0x000000060c000000, 0x000000060c400000|  0%| F|  |TAMS 0x000000060c000000| PB 0x000000060c000000| Untracked 
|   4|0x000000060c400000, 0x000000060c400000, 0x000000060c800000|  0%| F|  |TAMS 0x000000060c400000| PB 0x000000060c400000| Untracked 
|   5|0x000000060c800000, 0x000000060c800000, 0x000000060cc00000|  0%| F|  |TAMS 0x000000060c800000| PB 0x000000060c800000| Untracked 
|   6|0x000000060cc00000, 0x000000060cc00000, 0x000000060d000000|  0%| F|  |TAMS 0x000000060cc00000| PB 0x000000060cc00000| Untracked 
|   7|0x000000060d000000, 0x000000060d000000, 0x000000060d400000|  0%| F|  |TAMS 0x000000060d000000| PB 0x000000060d000000| Untracked 
|   8|0x000000060d400000, 0x000000060d400000, 0x000000060d800000|  0%| F|  |TAMS 0x000000060d400000| PB 0x000000060d400000| Untracked 
|   9|0x000000060d800000, 0x000000060d800000, 0x000000060dc00000|  0%| F|  |TAMS 0x000000060d800000| PB 0x000000060d800000| Untracked 
|  10|0x000000060dc00000, 0x000000060dc00000, 0x000000060e000000|  0%| F|  |TAMS 0x000000060dc00000| PB 0x000000060dc00000| Untracked 
|  11|0x000000060e000000, 0x000000060e000000, 0x000000060e400000|  0%| F|  |TAMS 0x000000060e000000| PB 0x000000060e000000| Untracked 
|  12|0x000000060e400000, 0x000000060e400000, 0x000000060e800000|  0%| F|  |TAMS 0x000000060e400000| PB 0x000000060e400000| Untracked 
|  13|0x000000060e800000, 0x000000060e800000, 0x000000060ec00000|  0%| F|  |TAMS 0x000000060e800000| PB 0x000000060e800000| Untracked 
|  14|0x000000060ec00000, 0x000000060ec00000, 0x000000060f000000|  0%| F|  |TAMS 0x000000060ec00000| PB 0x000000060ec00000| Untracked 
|  15|0x000000060f000000, 0x000000060f000000, 0x000000060f400000|  0%| F|  |TAMS 0x000000060f000000| PB 0x000000060f000000| Untracked 
|  16|0x000000060f400000, 0x000000060f400000, 0x000000060f800000|  0%| F|  |TAMS 0x000000060f400000| PB 0x000000060f400000| Untracked 
|  17|0x000000060f800000, 0x000000060f800000, 0x000000060fc00000|  0%| F|  |TAMS 0x000000060f800000| PB 0x000000060f800000| Untracked 
|  18|0x000000060fc00000, 0x000000060fc00000, 0x0000000610000000|  0%| F|  |TAMS 0x000000060fc00000| PB 0x000000060fc00000| Untracked 
|  19|0x0000000610000000, 0x0000000610000000, 0x0000000610400000|  0%| F|  |TAMS 0x0000000610000000| PB 0x0000000610000000| Untracked 
|  20|0x0000000610400000, 0x0000000610400000, 0x0000000610800000|  0%| F|  |TAMS 0x0000000610400000| PB 0x0000000610400000| Untracked 
|  21|0x0000000610800000, 0x0000000610800000, 0x0000000610c00000|  0%| F|  |TAMS 0x0000000610800000| PB 0x0000000610800000| Untracked 
|  22|0x0000000610c00000, 0x0000000610c00000, 0x0000000611000000|  0%| F|  |TAMS 0x0000000610c00000| PB 0x0000000610c00000| Untracked 
|  23|0x0000000611000000, 0x0000000611000000, 0x0000000611400000|  0%| F|  |TAMS 0x0000000611000000| PB 0x0000000611000000| Untracked 
|  24|0x0000000611400000, 0x0000000611400000, 0x0000000611800000|  0%| F|  |TAMS 0x0000000611400000| PB 0x0000000611400000| Untracked 
|  25|0x0000000611800000, 0x0000000611800000, 0x0000000611c00000|  0%| F|  |TAMS 0x0000000611800000| PB 0x0000000611800000| Untracked 
|  26|0x0000000611c00000, 0x0000000611c00000, 0x0000000612000000|  0%| F|  |TAMS 0x0000000611c00000| PB 0x0000000611c00000| Untracked 
|  27|0x0000000612000000, 0x0000000612000000, 0x0000000612400000|  0%| F|  |TAMS 0x0000000612000000| PB 0x0000000612000000| Untracked 
|  28|0x0000000612400000, 0x0000000612400000, 0x0000000612800000|  0%| F|  |TAMS 0x0000000612400000| PB 0x0000000612400000| Untracked 
|  29|0x0000000612800000, 0x0000000612800000, 0x0000000612c00000|  0%| F|  |TAMS 0x0000000612800000| PB 0x0000000612800000| Untracked 
|  30|0x0000000612c00000, 0x0000000612c00000, 0x0000000613000000|  0%| F|  |TAMS 0x0000000612c00000| PB 0x0000000612c00000| Untracked 
|  31|0x0000000613000000, 0x0000000613000000, 0x0000000613400000|  0%| F|  |TAMS 0x0000000613000000| PB 0x0000000613000000| Untracked 
|  32|0x0000000613400000, 0x0000000613400000, 0x0000000613800000|  0%| F|  |TAMS 0x0000000613400000| PB 0x0000000613400000| Untracked 
|  33|0x0000000613800000, 0x0000000613800000, 0x0000000613c00000|  0%| F|  |TAMS 0x0000000613800000| PB 0x0000000613800000| Untracked 
|  34|0x0000000613c00000, 0x0000000613c00000, 0x0000000614000000|  0%| F|  |TAMS 0x0000000613c00000| PB 0x0000000613c00000| Untracked 
|  35|0x0000000614000000, 0x0000000614000000, 0x0000000614400000|  0%| F|  |TAMS 0x0000000614000000| PB 0x0000000614000000| Untracked 
|  36|0x0000000614400000, 0x0000000614400000, 0x0000000614800000|  0%| F|  |TAMS 0x0000000614400000| PB 0x0000000614400000| Untracked 
|  37|0x0000000614800000, 0x0000000614800000, 0x0000000614c00000|  0%| F|  |TAMS 0x0000000614800000| PB 0x0000000614800000| Untracked 
|  38|0x0000000614c00000, 0x0000000614c00000, 0x0000000615000000|  0%| F|  |TAMS 0x0000000614c00000| PB 0x0000000614c00000| Untracked 
|  39|0x0000000615000000, 0x0000000615000000, 0x0000000615400000|  0%| F|  |TAMS 0x0000000615000000| PB 0x0000000615000000| Untracked 
|  40|0x0000000615400000, 0x0000000615400000, 0x0000000615800000|  0%| F|  |TAMS 0x0000000615400000| PB 0x0000000615400000| Untracked 
|  41|0x0000000615800000, 0x0000000615800000, 0x0000000615c00000|  0%| F|  |TAMS 0x0000000615800000| PB 0x0000000615800000| Untracked 
|  42|0x0000000615c00000, 0x0000000615c00000, 0x0000000616000000|  0%| F|  |TAMS 0x0000000615c00000| PB 0x0000000615c00000| Untracked 
|  43|0x0000000616000000, 0x0000000616000000, 0x0000000616400000|  0%| F|  |TAMS 0x0000000616000000| PB 0x0000000616000000| Untracked 
|  44|0x0000000616400000, 0x0000000616400000, 0x0000000616800000|  0%| F|  |TAMS 0x0000000616400000| PB 0x0000000616400000| Untracked 
|  45|0x0000000616800000, 0x0000000616800000, 0x0000000616c00000|  0%| F|  |TAMS 0x0000000616800000| PB 0x0000000616800000| Untracked 
|  46|0x0000000616c00000, 0x0000000616c00000, 0x0000000617000000|  0%| F|  |TAMS 0x0000000616c00000| PB 0x0000000616c00000| Untracked 
|  47|0x0000000617000000, 0x0000000617000000, 0x0000000617400000|  0%| F|  |TAMS 0x0000000617000000| PB 0x0000000617000000| Untracked 
|  48|0x0000000617400000, 0x0000000617400000, 0x0000000617800000|  0%| F|  |TAMS 0x0000000617400000| PB 0x0000000617400000| Untracked 
|  49|0x0000000617800000, 0x0000000617800000, 0x0000000617c00000|  0%| F|  |TAMS 0x0000000617800000| PB 0x0000000617800000| Untracked 
|  50|0x0000000617c00000, 0x0000000617c00000, 0x0000000618000000|  0%| F|  |TAMS 0x0000000617c00000| PB 0x0000000617c00000| Untracked 
|  51|0x0000000618000000, 0x0000000618000000, 0x0000000618400000|  0%| F|  |TAMS 0x0000000618000000| PB 0x0000000618000000| Untracked 
|  52|0x0000000618400000, 0x0000000618400000, 0x0000000618800000|  0%| F|  |TAMS 0x0000000618400000| PB 0x0000000618400000| Untracked 
|  53|0x0000000618800000, 0x0000000618800000, 0x0000000618c00000|  0%| F|  |TAMS 0x0000000618800000| PB 0x0000000618800000| Untracked 
|  54|0x0000000618c00000, 0x0000000618c00000, 0x0000000619000000|  0%| F|  |TAMS 0x0000000618c00000| PB 0x0000000618c00000| Untracked 
|  55|0x0000000619000000, 0x0000000619000000, 0x0000000619400000|  0%| F|  |TAMS 0x0000000619000000| PB 0x0000000619000000| Untracked 
|  56|0x0000000619400000, 0x0000000619400000, 0x0000000619800000|  0%| F|  |TAMS 0x0000000619400000| PB 0x0000000619400000| Untracked 
|  57|0x0000000619800000, 0x0000000619800000, 0x0000000619c00000|  0%| F|  |TAMS 0x0000000619800000| PB 0x0000000619800000| Untracked 
|  58|0x0000000619c00000, 0x0000000619c00000, 0x000000061a000000|  0%| F|  |TAMS 0x0000000619c00000| PB 0x0000000619c00000| Untracked 
|  59|0x000000061a000000, 0x000000061a000000, 0x000000061a400000|  0%| F|  |TAMS 0x000000061a000000| PB 0x000000061a000000| Untracked 
|  60|0x000000061a400000, 0x000000061a400000, 0x000000061a800000|  0%| F|  |TAMS 0x000000061a400000| PB 0x000000061a400000| Untracked 
|  61|0x000000061a800000, 0x000000061a800000, 0x000000061ac00000|  0%| F|  |TAMS 0x000000061a800000| PB 0x000000061a800000| Untracked 
|  62|0x000000061ac00000, 0x000000061ac00000, 0x000000061b000000|  0%| F|  |TAMS 0x000000061ac00000| PB 0x000000061ac00000| Untracked 
|  63|0x000000061b000000, 0x000000061b000000, 0x000000061b400000|  0%| F|  |TAMS 0x000000061b000000| PB 0x000000061b000000| Untracked 
|  64|0x000000061b400000, 0x000000061b400000, 0x000000061b800000|  0%| F|  |TAMS 0x000000061b400000| PB 0x000000061b400000| Untracked 
|  65|0x000000061b800000, 0x000000061b800000, 0x000000061bc00000|  0%| F|  |TAMS 0x000000061b800000| PB 0x000000061b800000| Untracked 
|  66|0x000000061bc00000, 0x000000061bc00000, 0x000000061c000000|  0%| F|  |TAMS 0x000000061bc00000| PB 0x000000061bc00000| Untracked 
|  67|0x000000061c000000, 0x000000061c000000, 0x000000061c400000|  0%| F|  |TAMS 0x000000061c000000| PB 0x000000061c000000| Untracked 
|  68|0x000000061c400000, 0x000000061c400000, 0x000000061c800000|  0%| F|  |TAMS 0x000000061c400000| PB 0x000000061c400000| Untracked 
|  69|0x000000061c800000, 0x000000061c800000, 0x000000061cc00000|  0%| F|  |TAMS 0x000000061c800000| PB 0x000000061c800000| Untracked 
|  70|0x000000061cc00000, 0x000000061cc00000, 0x000000061d000000|  0%| F|  |TAMS 0x000000061cc00000| PB 0x000000061cc00000| Untracked 
|  71|0x000000061d000000, 0x000000061d000000, 0x000000061d400000|  0%| F|  |TAMS 0x000000061d000000| PB 0x000000061d000000| Untracked 
|  72|0x000000061d400000, 0x000000061d400000, 0x000000061d800000|  0%| F|  |TAMS 0x000000061d400000| PB 0x000000061d400000| Untracked 
|  73|0x000000061d800000, 0x000000061d800000, 0x000000061dc00000|  0%| F|  |TAMS 0x000000061d800000| PB 0x000000061d800000| Untracked 
|  74|0x000000061dc00000, 0x000000061dc00000, 0x000000061e000000|  0%| F|  |TAMS 0x000000061dc00000| PB 0x000000061dc00000| Untracked 
|  75|0x000000061e000000, 0x000000061e000000, 0x000000061e400000|  0%| F|  |TAMS 0x000000061e000000| PB 0x000000061e000000| Untracked 
|  76|0x000000061e400000, 0x000000061e400000, 0x000000061e800000|  0%| F|  |TAMS 0x000000061e400000| PB 0x000000061e400000| Untracked 
|  77|0x000000061e800000, 0x000000061e800000, 0x000000061ec00000|  0%| F|  |TAMS 0x000000061e800000| PB 0x000000061e800000| Untracked 
|  78|0x000000061ec00000, 0x000000061ec00000, 0x000000061f000000|  0%| F|  |TAMS 0x000000061ec00000| PB 0x000000061ec00000| Untracked 
|  79|0x000000061f000000, 0x000000061f000000, 0x000000061f400000|  0%| F|  |TAMS 0x000000061f000000| PB 0x000000061f000000| Untracked 
|  80|0x000000061f400000, 0x000000061f400000, 0x000000061f800000|  0%| F|  |TAMS 0x000000061f400000| PB 0x000000061f400000| Untracked 
|  81|0x000000061f800000, 0x000000061f800000, 0x000000061fc00000|  0%| F|  |TAMS 0x000000061f800000| PB 0x000000061f800000| Untracked 
|  82|0x000000061fc00000, 0x000000061fc00000, 0x0000000620000000|  0%| F|  |TAMS 0x000000061fc00000| PB 0x000000061fc00000| Untracked 
|  83|0x0000000620000000, 0x0000000620000000, 0x0000000620400000|  0%| F|  |TAMS 0x0000000620000000| PB 0x0000000620000000| Untracked 
|  84|0x0000000620400000, 0x0000000620400000, 0x0000000620800000|  0%| F|  |TAMS 0x0000000620400000| PB 0x0000000620400000| Untracked 
|  85|0x0000000620800000, 0x0000000620800000, 0x0000000620c00000|  0%| F|  |TAMS 0x0000000620800000| PB 0x0000000620800000| Untracked 
|  86|0x0000000620c00000, 0x0000000620c00000, 0x0000000621000000|  0%| F|  |TAMS 0x0000000620c00000| PB 0x0000000620c00000| Untracked 
|  87|0x0000000621000000, 0x0000000621000000, 0x0000000621400000|  0%| F|  |TAMS 0x0000000621000000| PB 0x0000000621000000| Untracked 
|  88|0x0000000621400000, 0x0000000621400000, 0x0000000621800000|  0%| F|  |TAMS 0x0000000621400000| PB 0x0000000621400000| Untracked 
|  89|0x0000000621800000, 0x0000000621800000, 0x0000000621c00000|  0%| F|  |TAMS 0x0000000621800000| PB 0x0000000621800000| Untracked 
|  90|0x0000000621c00000, 0x0000000621c00000, 0x0000000622000000|  0%| F|  |TAMS 0x0000000621c00000| PB 0x0000000621c00000| Untracked 
|  91|0x0000000622000000, 0x0000000622000000, 0x0000000622400000|  0%| F|  |TAMS 0x0000000622000000| PB 0x0000000622000000| Untracked 
|  92|0x0000000622400000, 0x0000000622400000, 0x0000000622800000|  0%| F|  |TAMS 0x0000000622400000| PB 0x0000000622400000| Untracked 
|  93|0x0000000622800000, 0x0000000622800000, 0x0000000622c00000|  0%| F|  |TAMS 0x0000000622800000| PB 0x0000000622800000| Untracked 
|  94|0x0000000622c00000, 0x0000000622c00000, 0x0000000623000000|  0%| F|  |TAMS 0x0000000622c00000| PB 0x0000000622c00000| Untracked 
|  95|0x0000000623000000, 0x0000000623000000, 0x0000000623400000|  0%| F|  |TAMS 0x0000000623000000| PB 0x0000000623000000| Untracked 
|  96|0x0000000623400000, 0x0000000623400000, 0x0000000623800000|  0%| F|  |TAMS 0x0000000623400000| PB 0x0000000623400000| Untracked 
|  97|0x0000000623800000, 0x0000000623800000, 0x0000000623c00000|  0%| F|  |TAMS 0x0000000623800000| PB 0x0000000623800000| Untracked 
|  98|0x0000000623c00000, 0x0000000623c00000, 0x0000000624000000|  0%| F|  |TAMS 0x0000000623c00000| PB 0x0000000623c00000| Untracked 
|  99|0x0000000624000000, 0x0000000624000000, 0x0000000624400000|  0%| F|  |TAMS 0x0000000624000000| PB 0x0000000624000000| Untracked 
| 100|0x0000000624400000, 0x0000000624400000, 0x0000000624800000|  0%| F|  |TAMS 0x0000000624400000| PB 0x0000000624400000| Untracked 
| 101|0x0000000624800000, 0x0000000624800000, 0x0000000624c00000|  0%| F|  |TAMS 0x0000000624800000| PB 0x0000000624800000| Untracked 
| 102|0x0000000624c00000, 0x0000000624c00000, 0x0000000625000000|  0%| F|  |TAMS 0x0000000624c00000| PB 0x0000000624c00000| Untracked 
| 103|0x0000000625000000, 0x0000000625000000, 0x0000000625400000|  0%| F|  |TAMS 0x0000000625000000| PB 0x0000000625000000| Untracked 
| 104|0x0000000625400000, 0x0000000625400000, 0x0000000625800000|  0%| F|  |TAMS 0x0000000625400000| PB 0x0000000625400000| Untracked 
| 105|0x0000000625800000, 0x0000000625800000, 0x0000000625c00000|  0%| F|  |TAMS 0x0000000625800000| PB 0x0000000625800000| Untracked 
| 106|0x0000000625c00000, 0x0000000625c00000, 0x0000000626000000|  0%| F|  |TAMS 0x0000000625c00000| PB 0x0000000625c00000| Untracked 
| 107|0x0000000626000000, 0x0000000626000000, 0x0000000626400000|  0%| F|  |TAMS 0x0000000626000000| PB 0x0000000626000000| Untracked 
| 108|0x0000000626400000, 0x0000000626400000, 0x0000000626800000|  0%| F|  |TAMS 0x0000000626400000| PB 0x0000000626400000| Untracked 
| 109|0x0000000626800000, 0x0000000626800000, 0x0000000626c00000|  0%| F|  |TAMS 0x0000000626800000| PB 0x0000000626800000| Untracked 
| 110|0x0000000626c00000, 0x0000000626c00000, 0x0000000627000000|  0%| F|  |TAMS 0x0000000626c00000| PB 0x0000000626c00000| Untracked 
| 111|0x0000000627000000, 0x0000000627000000, 0x0000000627400000|  0%| F|  |TAMS 0x0000000627000000| PB 0x0000000627000000| Untracked 
| 112|0x0000000627400000, 0x0000000627400000, 0x0000000627800000|  0%| F|  |TAMS 0x0000000627400000| PB 0x0000000627400000| Untracked 
| 113|0x0000000627800000, 0x0000000627800000, 0x0000000627c00000|  0%| F|  |TAMS 0x0000000627800000| PB 0x0000000627800000| Untracked 
| 114|0x0000000627c00000, 0x0000000627c00000, 0x0000000628000000|  0%| F|  |TAMS 0x0000000627c00000| PB 0x0000000627c00000| Untracked 
| 115|0x0000000628000000, 0x0000000628000000, 0x0000000628400000|  0%| F|  |TAMS 0x0000000628000000| PB 0x0000000628000000| Untracked 
| 116|0x0000000628400000, 0x0000000628400000, 0x0000000628800000|  0%| F|  |TAMS 0x0000000628400000| PB 0x0000000628400000| Untracked 
| 117|0x0000000628800000, 0x0000000628800000, 0x0000000628c00000|  0%| F|  |TAMS 0x0000000628800000| PB 0x0000000628800000| Untracked 
| 118|0x0000000628c00000, 0x0000000628c00000, 0x0000000629000000|  0%| F|  |TAMS 0x0000000628c00000| PB 0x0000000628c00000| Untracked 
| 119|0x0000000629000000, 0x0000000629400000, 0x0000000629400000|100%| S|CS|TAMS 0x0000000629000000| PB 0x0000000629000000| Complete 
| 120|0x0000000629400000, 0x0000000629400000, 0x0000000629800000|  0%| F|  |TAMS 0x0000000629400000| PB 0x0000000629400000| Untracked 
| 121|0x0000000629800000, 0x0000000629800000, 0x0000000629c00000|  0%| F|  |TAMS 0x0000000629800000| PB 0x0000000629800000| Untracked 
| 122|0x0000000629c00000, 0x0000000629c00000, 0x000000062a000000|  0%| F|  |TAMS 0x0000000629c00000| PB 0x0000000629c00000| Untracked 
| 123|0x000000062a000000, 0x000000062a000000, 0x000000062a400000|  0%| F|  |TAMS 0x000000062a000000| PB 0x000000062a000000| Untracked 
| 124|0x000000062a400000, 0x000000062a519330, 0x000000062a800000| 27%| E|  |TAMS 0x000000062a400000| PB 0x000000062a400000| Complete 
| 125|0x000000062a800000, 0x000000062ac00000, 0x000000062ac00000|100%| E|CS|TAMS 0x000000062a800000| PB 0x000000062a800000| Complete 

Card table byte_map: [0x0000022e9e5c0000,0x0000022e9f570000] _byte_map_base: 0x0000022e9b566000

Marking Bits: (CMBitMap*) 0x0000022e855e5690
 Bits: [0x0000022e9f570000, 0x0000022ea72a0000)

Polling page: 0x0000022e83560000

Metaspace:

Usage:
  Non-class:      5.61 MB used.
      Class:    721.78 KB used.
       Both:      6.31 MB used.

Virtual space:
  Non-class space:       64.00 MB reserved,       5.69 MB (  9%) committed,  1 nodes.
      Class space:        1.00 GB reserved,     768.00 KB ( <1%) committed,  1 nodes.
             Both:        1.06 GB reserved,       6.44 MB ( <1%) committed. 

Chunk freelists:
   Non-Class:  8.95 MB
       Class:  15.27 MB
        Both:  24.22 MB

MaxMetaspaceSize: unlimited
CompressedClassSpaceSize: 1.00 GB
Initial GC threshold: 21.00 MB
Current GC threshold: 21.00 MB
CDS: on
 - commit_granule_bytes: 65536.
 - commit_granule_words: 8192.
 - virtual_space_node_default_size: 8388608.
 - enlarge_chunks_in_place: 1.
 - use_allocation_guard: 0.


Internal statistics:

num_allocs_failed_limit: 0.
num_arena_births: 66.
num_arena_deaths: 0.
num_vsnodes_births: 2.
num_vsnodes_deaths: 0.
num_space_committed: 103.
num_space_uncommitted: 0.
num_chunks_returned_to_freelist: 0.
num_chunks_taken_from_freelist: 238.
num_chunk_merges: 0.
num_chunk_splits: 158.
num_chunks_enlarged: 123.
num_inconsistent_stats: 0.

CodeHeap 'non-profiled nmethods': size=119168Kb used=439Kb max_used=439Kb free=118728Kb
 bounds [0x0000022e95930000, 0x0000022e95ba0000, 0x0000022e9cd90000]
CodeHeap 'profiled nmethods': size=119104Kb used=2498Kb max_used=2498Kb free=116605Kb
 bounds [0x0000022e8dd90000, 0x0000022e8e010000, 0x0000022e951e0000]
CodeHeap 'non-nmethods': size=7488Kb used=3206Kb max_used=3236Kb free=4281Kb
 bounds [0x0000022e951e0000, 0x0000022e95510000, 0x0000022e95930000]
 total_blobs=1801 nmethods=1319 adapters=384
 compilation: enabled
              stopped_count=0, restarted_count=0
 full_count=0

Compilation events (20 events):
Event: 0.436 Thread 0x0000022eaa4813e0 nmethod 1328 0x0000022e8dff9090 code [0x0000022e8dff9240, 0x0000022e8dff9468]
Event: 0.437 Thread 0x0000022ef0638bc0 nmethod 1299 0x0000022e95999890 code [0x0000022e95999ac0, 0x0000022e95999f70]
Event: 0.438 Thread 0x0000022ef0638bc0 1324       4       java.util.concurrent.locks.ReentrantLock$NonfairSync::initialTryLock (58 bytes)
Event: 0.439 Thread 0x0000022ef0638bc0 nmethod 1324 0x0000022e9599a490 code [0x0000022e9599a620, 0x0000022e9599a7e8]
Event: 0.439 Thread 0x0000022ef0638bc0 1325       4       java.util.concurrent.locks.AbstractQueuedSynchronizer::signalNext (34 bytes)
Event: 0.440 Thread 0x0000022ef0638bc0 nmethod 1325 0x0000022e9599a890 code [0x0000022e9599aa20, 0x0000022e9599ab10]
Event: 0.440 Thread 0x0000022ef0638bc0 1327       4       org.codehaus.plexus.util.xml.pull.MXParser::nextImpl (1203 bytes)
Event: 0.441 Thread 0x0000022eaad35ba0 nmethod 1309 0x0000022e9599ac10 code [0x0000022e9599aec0, 0x0000022e9599b8b8]
Event: 0.442 Thread 0x0000022eaad35ba0 1300       4       java.lang.System$2::decodeASCII (11 bytes)
Event: 0.443 Thread 0x0000022eaad35ba0 nmethod 1300 0x0000022e9599c310 code [0x0000022e9599c4a0, 0x0000022e9599c820]
Event: 0.443 Thread 0x0000022eaad35ba0 1307       4       sun.nio.cs.UTF_8$Decoder::decodeArrayLoop (688 bytes)
Event: 0.448 Thread 0x0000022eaa480a30 1329       3       java.util.Collections::emptyMap (4 bytes)
Event: 0.448 Thread 0x0000022eaa480a30 nmethod 1329 0x0000022e8dff9590 code [0x0000022e8dff9720, 0x0000022e8dff9818]
Event: 0.449 Thread 0x0000022eaad35ba0 nmethod 1307 0x0000022e9599c990 code [0x0000022e9599cb80, 0x0000022e9599d3c0]
Event: 0.449 Thread 0x0000022eaad35ba0 1308   !   4       sun.nio.cs.StreamDecoder::read0 (59 bytes)
Event: 0.450 Thread 0x0000022eaa2b4d90 1330 %     3       org.codehaus.plexus.util.InterpolationFilterReader::read @ 3 (48 bytes)
Event: 0.450 Thread 0x0000022eaa2b4d90 nmethod 1330% 0x0000022e8dff9890 code [0x0000022e8dff9a60, 0x0000022e8dff9e50]
Event: 0.451 Thread 0x0000022eaa2b4d90 1331       3       org.codehaus.plexus.util.InterpolationFilterReader::read (48 bytes)
Event: 0.451 Thread 0x0000022eaa2b4d90 nmethod 1331 0x0000022e8dffa010 code [0x0000022e8dffa1e0, 0x0000022e8dffa4e8]
Event: 0.453 Thread 0x0000022eaa2b4d90 1332       3       org.codehaus.plexus.util.xml.pull.MXParser::require (443 bytes)

GC Heap History (2 events):
Event: 0.423 GC heap before
{Heap before GC invocations=0 (full 0):
 garbage-first heap   total 516096K, used 24576K [0x000000060b400000, 0x0000000800000000)
  region size 4096K, 6 young (24576K), 0 survivors (0K)
 Metaspace       used 6296K, committed 6464K, reserved 1114112K
  class space    used 693K, committed 768K, reserved 1048576K
}
Event: 0.429 GC heap after
{Heap after GC invocations=1 (full 0):
 garbage-first heap   total 516096K, used 4121K [0x000000060b400000, 0x0000000800000000)
  region size 4096K, 1 young (4096K), 1 survivors (4096K)
 Metaspace       used 6296K, committed 6464K, reserved 1114112K
  class space    used 693K, committed 768K, reserved 1048576K
}

Dll operation events (12 events):
Event: 0.006 Loaded shared library C:\Program Files\Zulu\zulu-21\bin\java.dll
Event: 0.032 Loaded shared library C:\Program Files\Zulu\zulu-21\bin\jsvml.dll
Event: 0.057 Loaded shared library C:\Program Files\Zulu\zulu-21\bin\zip.dll
Event: 0.061 Loaded shared library C:\Program Files\Zulu\zulu-21\bin\instrument.dll
Event: 0.064 Loaded shared library C:\Program Files\Zulu\zulu-21\bin\net.dll
Event: 0.066 Loaded shared library C:\Program Files\Zulu\zulu-21\bin\nio.dll
Event: 0.069 Loaded shared library C:\Program Files\Zulu\zulu-21\bin\zip.dll
Event: 0.078 Loaded shared library D:\IntelliJ IDEA 2024.2.0.1\bin\breakgen64.dll
Event: 0.083 Loaded shared library C:\Program Files\Zulu\zulu-21\bin\extnet.dll
Event: 0.143 Loaded shared library C:\Program Files\Zulu\zulu-21\bin\jimage.dll
Event: 0.153 Loaded shared library C:\Users\Sudark\AppData\Local\Temp\jansi-2.4.1-e469c59385e54867-jansi.dll
Event: 0.160 Loaded shared library C:\Program Files\Zulu\zulu-21\bin\verify.dll

Deoptimization events (20 events):
Event: 0.398 Thread 0x0000022e8557cb10 Uncommon trap: trap_request=0xffffff76 fr.pc=0x0000022e95974f60 relative=0x00000000000001a0
Event: 0.398 Thread 0x0000022e8557cb10 Uncommon trap: reason=predicate action=maybe_recompile pc=0x0000022e95974f60 method=java.util.regex.Pattern$BmpCharPropertyGreedy.match(Ljava/util/regex/Matcher;ILjava/lang/CharSequence;)Z @ 12 c2
Event: 0.399 Thread 0x0000022e8557cb10 DEOPT PACKING pc=0x0000022e95974f60 sp=0x00000054d94fdbf0
Event: 0.399 Thread 0x0000022e8557cb10 DEOPT UNPACKING pc=0x0000022e95237da2 sp=0x00000054d94fdba8 mode 2
Event: 0.399 Thread 0x0000022e8557cb10 Uncommon trap: trap_request=0xffffff45 fr.pc=0x0000022e959678e4 relative=0x00000000000000c4
Event: 0.399 Thread 0x0000022e8557cb10 Uncommon trap: reason=unstable_if action=reinterpret pc=0x0000022e959678e4 method=org.codehaus.plexus.util.xml.pull.MXParser.more()C @ 8 c2
Event: 0.399 Thread 0x0000022e8557cb10 DEOPT PACKING pc=0x0000022e959678e4 sp=0x00000054d94fe060
Event: 0.399 Thread 0x0000022e8557cb10 DEOPT UNPACKING pc=0x0000022e95237da2 sp=0x00000054d94fdff0 mode 2
Event: 0.405 Thread 0x0000022e8557cb10 Uncommon trap: trap_request=0xffffffde fr.pc=0x0000022e9597c0f4 relative=0x00000000000009b4
Event: 0.405 Thread 0x0000022e8557cb10 Uncommon trap: reason=class_check action=maybe_recompile pc=0x0000022e9597c0f4 method=java.util.HashMap.putVal(ILjava/lang/Object;Ljava/lang/Object;ZZ)Ljava/lang/Object; @ 91 c2
Event: 0.405 Thread 0x0000022e8557cb10 DEOPT PACKING pc=0x0000022e9597c0f4 sp=0x00000054d94fe070
Event: 0.405 Thread 0x0000022e8557cb10 DEOPT UNPACKING pc=0x0000022e95237da2 sp=0x00000054d94fdfa8 mode 2
Event: 0.429 Thread 0x0000022eaa2944b0 Uncommon trap: trap_request=0xffffff45 fr.pc=0x0000022e959967e0 relative=0x0000000000000040
Event: 0.429 Thread 0x0000022eaa2944b0 Uncommon trap: reason=unstable_if action=reinterpret pc=0x0000022e959967e0 method=java.util.concurrent.locks.AbstractQueuedSynchronizer.signalNext(Ljava/util/concurrent/locks/AbstractQueuedSynchronizer$Node;)V @ 1 c2
Event: 0.429 Thread 0x0000022eaa2944b0 DEOPT PACKING pc=0x0000022e959967e0 sp=0x00000054d9cfeec0
Event: 0.429 Thread 0x0000022eaa2944b0 DEOPT UNPACKING pc=0x0000022e95237da2 sp=0x00000054d9cfee50 mode 2
Event: 0.429 Thread 0x0000022eaa2944b0 Uncommon trap: trap_request=0xffffff45 fr.pc=0x0000022e9599652c relative=0x000000000000018c
Event: 0.429 Thread 0x0000022eaa2944b0 Uncommon trap: reason=unstable_if action=reinterpret pc=0x0000022e9599652c method=java.util.concurrent.locks.ReentrantLock$NonfairSync.initialTryLock()Z @ 25 c2
Event: 0.429 Thread 0x0000022eaa2944b0 DEOPT PACKING pc=0x0000022e9599652c sp=0x00000054d9cfeea0
Event: 0.429 Thread 0x0000022eaa2944b0 DEOPT UNPACKING pc=0x0000022e95237da2 sp=0x00000054d9cfee40 mode 2

Classes loaded (20 events):
Event: 0.380 Loading class java/util/concurrent/TimeoutException
Event: 0.380 Loading class java/util/concurrent/TimeoutException done
Event: 0.380 Loading class sun/misc/Unsafe
Event: 0.380 Loading class sun/misc/Unsafe done
Event: 0.381 Loading class java/lang/invoke/DirectMethodHandle$StaticAccessor
Event: 0.381 Loading class java/lang/invoke/DirectMethodHandle$StaticAccessor done
Event: 0.384 Loading class java/lang/reflect/ParameterizedType
Event: 0.384 Loading class java/lang/reflect/ParameterizedType done
Event: 0.386 Loading class java/lang/reflect/WildcardType
Event: 0.386 Loading class java/lang/reflect/WildcardType done
Event: 0.387 Loading class sun/reflect/generics/tree/TypeVariableSignature
Event: 0.387 Loading class sun/reflect/generics/tree/TypeVariableSignature done
Event: 0.396 Loading class java/lang/annotation/IncompleteAnnotationException
Event: 0.396 Loading class java/lang/annotation/IncompleteAnnotationException done
Event: 0.397 Loading class jdk/internal/foreign/MemorySessionImpl
Event: 0.397 Loading class java/lang/foreign/MemorySegment$Scope
Event: 0.397 Loading class java/lang/foreign/MemorySegment$Scope done
Event: 0.397 Loading class jdk/internal/foreign/MemorySessionImpl done
Event: 0.409 Loading class java/lang/foreign/MemorySegment
Event: 0.409 Loading class java/lang/foreign/MemorySegment done

Classes unloaded (0 events):
No events

Classes redefined (0 events):
No events

Internal exceptions (20 events):
Event: 0.075 Thread 0x0000022e8557cb10 Exception <a 'java/lang/NoSuchMethodError'{0x000000062a426cd8}: 'java.lang.Object java.lang.invoke.Invokers$Holder.invokeExact_MT(java.lang.Object, java.lang.Object, java.lang.Object, java.lang.Object, java.lang.Object)'> (0x000000062a426cd8) 
thrown [s\src\hotspot\share\interpreter\linkResolver.cpp, line 773]
Event: 0.084 Thread 0x0000022eaa561200 Exception <a 'java/lang/NoSuchMethodError'{0x000000062a484490}: 'void java.lang.invoke.DirectMethodHandle$Holder.invokeStatic(java.lang.Object, java.lang.Object)'> (0x000000062a484490) 
thrown [s\src\hotspot\share\interpreter\linkResolver.cpp, line 773]
Event: 0.093 Thread 0x0000022e8557cb10 Exception <a 'java/lang/NoSuchMethodError'{0x000000062a517820}: 'int java.lang.invoke.DirectMethodHandle$Holder.invokeSpecial(java.lang.Object, java.lang.Object, java.lang.Object)'> (0x000000062a517820) 
thrown [s\src\hotspot\share\interpreter\linkResolver.cpp, line 773]
Event: 0.140 Thread 0x0000022e8557cb10 Exception <a 'java/lang/NullPointerException'{0x000000062a006520}> (0x000000062a006520) 
thrown [s\src\hotspot\share\interpreter\linkResolver.cpp, line 1372]
Event: 0.148 Thread 0x0000022e8557cb10 Exception <a 'sun/nio/fs/WindowsException'{0x000000062a029098}> (0x000000062a029098) 
thrown [s\src\hotspot\share\prims\jni.cpp, line 520]
Event: 0.159 Thread 0x0000022e8557cb10 Exception <a 'sun/nio/fs/WindowsException'{0x000000062a0783e8}> (0x000000062a0783e8) 
thrown [s\src\hotspot\share\prims\jni.cpp, line 520]
Event: 0.159 Thread 0x0000022e8557cb10 Exception <a 'sun/nio/fs/WindowsException'{0x000000062a078aa8}> (0x000000062a078aa8) 
thrown [s\src\hotspot\share\prims\jni.cpp, line 520]
Event: 0.159 Thread 0x0000022e8557cb10 Exception <a 'sun/nio/fs/WindowsException'{0x000000062a079000}> (0x000000062a079000) 
thrown [s\src\hotspot\share\prims\jni.cpp, line 520]
Event: 0.159 Thread 0x0000022e8557cb10 Exception <a 'sun/nio/fs/WindowsException'{0x000000062a079508}> (0x000000062a079508) 
thrown [s\src\hotspot\share\prims\jni.cpp, line 520]
Event: 0.159 Thread 0x0000022e8557cb10 Exception <a 'sun/nio/fs/WindowsException'{0x000000062a0799c8}> (0x000000062a0799c8) 
thrown [s\src\hotspot\share\prims\jni.cpp, line 520]
Event: 0.166 Thread 0x0000022e8557cb10 Exception <a 'java/lang/NoSuchMethodError'{0x000000062a141910}: 'void java.lang.invoke.DirectMethodHandle$Holder.invokeStaticInit(java.lang.Object, java.lang.Object)'> (0x000000062a141910) 
thrown [s\src\hotspot\share\interpreter\linkResolver.cpp, line 773]
Event: 0.214 Thread 0x0000022e8557cb10 Exception <a 'java/lang/NoSuchMethodError'{0x000000062a2efaa0}: 'java.lang.Object java.lang.invoke.DirectMethodHandle$Holder.invokeSpecialIFC(java.lang.Object, java.lang.Object, java.lang.Object, java.lang.Object)'> (0x000000062a2efaa0) 
thrown [s\src\hotspot\share\interpreter\linkResolver.cpp, line 773]
Event: 0.324 Thread 0x0000022e8557cb10 Exception <a 'java/lang/NoSuchMethodError'{0x0000000629880238}: 'void java.lang.invoke.DirectMethodHandle$Holder.invokeSpecial(java.lang.Object, java.lang.Object, java.lang.Object)'> (0x0000000629880238) 
thrown [s\src\hotspot\share\interpreter\linkResolver.cpp, line 773]
Event: 0.339 Thread 0x0000022e8557cb10 Exception <a 'java/lang/NoSuchMethodError'{0x00000006299cc300}: 'java.lang.Object java.lang.invoke.DirectMethodHandle$Holder.invokeInterface(java.lang.Object, java.lang.Object)'> (0x00000006299cc300) 
thrown [s\src\hotspot\share\interpreter\linkResolver.cpp, line 773]
Event: 0.347 Thread 0x0000022e8557cb10 Exception <a 'java/lang/NoSuchMethodError'{0x0000000629a66478}: 'int java.lang.invoke.DirectMethodHandle$Holder.invokeStatic(java.lang.Object, java.lang.Object, java.lang.Object, java.lang.Object)'> (0x0000000629a66478) 
thrown [s\src\hotspot\share\interpreter\linkResolver.cpp, line 773]
Event: 0.347 Thread 0x0000022e8557cb10 Exception <a 'java/lang/NoSuchMethodError'{0x0000000629a69b48}: 'java.lang.Object java.lang.invoke.Invokers$Holder.invokeExact_MT(java.lang.Object, java.lang.Object, java.lang.Object, java.lang.Object, java.lang.Object, java.lang.Object)'> (0x0000000629a69b48) 
thrown [s\src\hotspot\share\interpreter\linkResolver.cpp, line 773]
Event: 0.348 Thread 0x0000022e8557cb10 Exception <a 'java/lang/NoSuchMethodError'{0x0000000629a788b0}: 'int java.lang.invoke.DirectMethodHandle$Holder.invokeSpecialIFC(java.lang.Object, java.lang.Object, java.lang.Object, java.lang.Object, java.lang.Object)'> (0x0000000629a788b0) 
thrown [s\src\hotspot\share\interpreter\linkResolver.cpp, line 773]
Event: 0.373 Thread 0x0000022e8557cb10 Exception <a 'java/lang/NoSuchMethodError'{0x0000000629403070}: 'java.lang.Object java.lang.invoke.DirectMethodHandle$Holder.newInvokeSpecial(java.lang.Object, java.lang.Object, java.lang.Object, java.lang.Object, java.lang.Object)'> (0x0000000629403070) 
thrown [s\src\hotspot\share\interpreter\linkResolver.cpp, line 773]
Event: 0.391 Thread 0x0000022e8557cb10 Exception <a 'java/lang/NoSuchMethodError'{0x0000000629502870}: 'int java.lang.invoke.DirectMethodHandle$Holder.invokeStaticInit(java.lang.Object, java.lang.Object)'> (0x0000000629502870) 
thrown [s\src\hotspot\share\interpreter\linkResolver.cpp, line 773]
Event: 0.396 Thread 0x0000022e8557cb10 Exception <a 'java/lang/NoClassDefFoundError'{0x0000000629538680}: javax/enterprise/inject/Typed> (0x0000000629538680) 
thrown [s\src\hotspot\share\classfile\systemDictionary.cpp, line 304]

ZGC Phase Switch (0 events):
No events

VM Operations (10 events):
Event: 0.049 Executing VM operation: HandshakeAllThreads (Deoptimize)
Event: 0.049 Executing VM operation: HandshakeAllThreads (Deoptimize) done
Event: 0.140 Executing VM operation: HandshakeAllThreads (Deoptimize)
Event: 0.140 Executing VM operation: HandshakeAllThreads (Deoptimize) done
Event: 0.145 Executing VM operation: HandshakeAllThreads (Deoptimize)
Event: 0.145 Executing VM operation: HandshakeAllThreads (Deoptimize) done
Event: 0.294 Executing VM operation: ICBufferFull
Event: 0.294 Executing VM operation: ICBufferFull done
Event: 0.423 Executing VM operation: G1CollectForAllocation (G1 Evacuation Pause)
Event: 0.429 Executing VM operation: G1CollectForAllocation (G1 Evacuation Pause) done

Memory protections (0 events):
No events

Nmethod flushes (0 events):
No events

Events (20 events):
Event: 0.030 Thread 0x0000022e8557cb10 Thread added: 0x0000022eaa29ce10
Event: 0.030 Thread 0x0000022e8557cb10 Thread added: 0x0000022eaa29f380
Event: 0.030 Thread 0x0000022e8557cb10 Thread added: 0x0000022eaa2a0580
Event: 0.030 Thread 0x0000022e8557cb10 Thread added: 0x0000022eaa2b02e0
Event: 0.030 Thread 0x0000022e8557cb10 Thread added: 0x0000022eaa2b4d90
Event: 0.034 Thread 0x0000022eaa2b4d90 Thread added: 0x0000022eaa36f1f0
Event: 0.045 Thread 0x0000022e8557cb10 Thread added: 0x0000022eaa47bba0
Event: 0.050 Thread 0x0000022eaa36f1f0 Thread added: 0x0000022eaa480a30
Event: 0.050 Thread 0x0000022eaa2b4d90 Thread added: 0x0000022eaa4813e0
Event: 0.053 Thread 0x0000022eaa2b4d90 Thread added: 0x0000022eaa485fb0
Event: 0.053 Thread 0x0000022eaa2b4d90 Thread added: 0x0000022eaa486660
Event: 0.078 Thread 0x0000022e8557cb10 Thread added: 0x0000022eaa561200
Event: 0.078 Thread 0x0000022e8557cb10 Thread added: 0x0000022eaa561870
Event: 0.142 Thread 0x0000022e8557cb10 Thread added: 0x0000022eaa636010
Event: 0.154 Thread 0x0000022eaa636010 Thread exited: 0x0000022eaa636010
Event: 0.409 Thread 0x0000022eaa2b4d90 Thread added: 0x0000022eaad349c0
Event: 0.410 Thread 0x0000022eaad349c0 Thread added: 0x0000022eaad35070
Event: 0.418 Thread 0x0000022eaa4813e0 Thread added: 0x0000022eaad35ba0
Event: 0.418 Thread 0x0000022eaa4813e0 Thread added: 0x0000022ef0638510
Event: 0.418 Thread 0x0000022eaa4813e0 Thread added: 0x0000022ef0638bc0


Dynamic libraries:
0x00007ff714a60000 - 0x00007ff714a6e000 	C:\Program Files\Zulu\zulu-21\bin\java.exe
0x00007ffed1cb0000 - 0x00007ffed1ec7000 	C:\Windows\SYSTEM32\ntdll.dll
0x00007ffed13c0000 - 0x00007ffed1484000 	C:\Windows\System32\KERNEL32.DLL
0x00007ffecf430000 - 0x00007ffecf7dc000 	C:\Windows\System32\KERNELBASE.dll
0x00007ffecf8d0000 - 0x00007ffecf9e1000 	C:\Windows\System32\ucrtbase.dll
0x00007ffebdf50000 - 0x00007ffebdf69000 	C:\Program Files\Zulu\zulu-21\bin\jli.dll
0x00007ffec4540000 - 0x00007ffec455b000 	C:\Program Files\Zulu\zulu-21\bin\VCRUNTIME140.dll
0x00007ffed1050000 - 0x00007ffed11fe000 	C:\Windows\System32\USER32.dll
0x00007ffecefe0000 - 0x00007ffecf006000 	C:\Windows\System32\win32u.dll
0x00007ffebd910000 - 0x00007ffebdba3000 	C:\Windows\WinSxS\amd64_microsoft.windows.common-controls_6595b64144ccf1df_6.0.22621.3672_none_2713b9d173822955\COMCTL32.dll
0x00007ffed00a0000 - 0x00007ffed00c9000 	C:\Windows\System32\GDI32.dll
0x00007ffecf0e0000 - 0x00007ffecf1f9000 	C:\Windows\System32\gdi32full.dll
0x00007ffed0e40000 - 0x00007ffed0ee7000 	C:\Windows\System32\msvcrt.dll
0x00007ffecf040000 - 0x00007ffecf0da000 	C:\Windows\System32\msvcp_win.dll
0x00007ffecfb90000 - 0x00007ffecfbc1000 	C:\Windows\System32\IMM32.DLL
0x00007ffec4080000 - 0x00007ffec408c000 	C:\Program Files\Zulu\zulu-21\bin\vcruntime140_1.dll
0x00007ffe259b0000 - 0x00007ffe25a3e000 	C:\Program Files\Zulu\zulu-21\bin\msvcp140.dll
0x00007ffe241e0000 - 0x00007ffe24fbd000 	C:\Program Files\Zulu\zulu-21\bin\server\jvm.dll
0x00007ffecffe0000 - 0x00007ffed0092000 	C:\Windows\System32\ADVAPI32.dll
0x00007ffed0fa0000 - 0x00007ffed104a000 	C:\Windows\System32\sechost.dll
0x00007ffecf010000 - 0x00007ffecf038000 	C:\Windows\System32\bcrypt.dll
0x00007ffed18b0000 - 0x00007ffed19c5000 	C:\Windows\System32\RPCRT4.dll
0x00007ffecf9f0000 - 0x00007ffecfa61000 	C:\Windows\System32\WS2_32.dll
0x00007ffecde70000 - 0x00007ffecdebd000 	C:\Windows\SYSTEM32\POWRPROF.dll
0x00007ffec91f0000 - 0x00007ffec9224000 	C:\Windows\SYSTEM32\WINMM.dll
0x00007ffec5670000 - 0x00007ffec567a000 	C:\Windows\SYSTEM32\VERSION.dll
0x00007ffecde50000 - 0x00007ffecde63000 	C:\Windows\SYSTEM32\UMPDC.dll
0x00007ffece100000 - 0x00007ffece118000 	C:\Windows\SYSTEM32\kernel.appcore.dll
0x00007ffec3fe0000 - 0x00007ffec3fea000 	C:\Program Files\Zulu\zulu-21\bin\jimage.dll
0x00007ffecc550000 - 0x00007ffecc782000 	C:\Windows\SYSTEM32\DBGHELP.DLL
0x00007ffecfbd0000 - 0x00007ffecff58000 	C:\Windows\System32\combase.dll
0x00007ffed1b90000 - 0x00007ffed1c67000 	C:\Windows\System32\OLEAUT32.dll
0x00007ffeae700000 - 0x00007ffeae732000 	C:\Windows\SYSTEM32\dbgcore.DLL
0x00007ffecf7e0000 - 0x00007ffecf85b000 	C:\Windows\System32\bcryptPrimitives.dll
0x00007ffec45e0000 - 0x00007ffec45f0000 	C:\Program Files\Zulu\zulu-21\bin\instrument.dll
0x00007ffeaee50000 - 0x00007ffeaee72000 	C:\Program Files\Zulu\zulu-21\bin\java.dll
0x00007ffed05e0000 - 0x00007ffed0e3c000 	C:\Windows\System32\SHELL32.dll
0x00007ffeccf40000 - 0x00007ffecd837000 	C:\Windows\SYSTEM32\windows.storage.dll
0x00007ffecce00000 - 0x00007ffeccf3f000 	C:\Windows\SYSTEM32\wintypes.dll
0x00007ffecfa70000 - 0x00007ffecfb64000 	C:\Windows\System32\SHCORE.dll
0x00007ffed17a0000 - 0x00007ffed17fe000 	C:\Windows\System32\shlwapi.dll
0x00007ffecef10000 - 0x00007ffecef31000 	C:\Windows\SYSTEM32\profapi.dll
0x00007ffe258d0000 - 0x00007ffe259a7000 	C:\Program Files\Zulu\zulu-21\bin\jsvml.dll
0x00007ffeae480000 - 0x00007ffeae498000 	C:\Program Files\Zulu\zulu-21\bin\zip.dll
0x00007ffeb7fa0000 - 0x00007ffeb7fb2000 	C:\Program Files\Zulu\zulu-21\bin\net.dll
0x00007ffecaca0000 - 0x00007ffecadd6000 	C:\Windows\SYSTEM32\WINHTTP.dll
0x00007ffece570000 - 0x00007ffece5d9000 	C:\Windows\system32\mswsock.dll
0x00007ffeaef60000 - 0x00007ffeaef76000 	C:\Program Files\Zulu\zulu-21\bin\nio.dll
0x00007ffebdfe0000 - 0x00007ffebdffa000 	D:\IntelliJ IDEA 2024.2.0.1\bin\breakgen64.dll
0x00007ffeb9910000 - 0x00007ffeb9919000 	C:\Program Files\Zulu\zulu-21\bin\extnet.dll
0x00007ffebc6e0000 - 0x00007ffebc704000 	C:\Users\Sudark\AppData\Local\Temp\jansi-2.4.1-e469c59385e54867-jansi.dll
0x00007ffebc6a0000 - 0x00007ffebc6b0000 	C:\Program Files\Zulu\zulu-21\bin\verify.dll

dbghelp: loaded successfully - version: 4.0.5 - missing functions: none
symbol engine: initialized successfully - sym options: 0x614 - pdb path: .;C:\Program Files\Zulu\zulu-21\bin;C:\Windows\SYSTEM32;C:\Windows\WinSxS\amd64_microsoft.windows.common-controls_6595b64144ccf1df_6.0.22621.3672_none_2713b9d173822955;C:\Program Files\Zulu\zulu-21\bin\server;D:\IntelliJ IDEA 2024.2.0.1\bin;C:\Users\Sudark\AppData\Local\Temp

VM Arguments:
jvm_args: -Dmaven.multiModuleProjectDirectory=C:\Users\Sudark\IdeaProjects\City -Djansi.passthrough=true -Dmaven.home=D:\IntelliJ IDEA 2024.2.0.1\plugins\maven\lib\maven3 -Dclassworlds.conf=D:\IntelliJ IDEA 2024.2.0.1\plugins\maven\lib\maven3\bin\m2.conf -Dmaven.ext.class.path=D:\IntelliJ IDEA 2024.2.0.1\plugins\maven\lib\maven-event-listener.jar -javaagent:D:\IntelliJ IDEA 2024.2.0.1\lib\idea_rt.jar=6669:D:\IntelliJ IDEA 2024.2.0.1\bin -Dfile.encoding=UTF-8 -Dsun.stdout.encoding=UTF-8 -Dsun.stderr.encoding=UTF-8 
java_command: org.codehaus.classworlds.Launcher -Didea.version=2024.2.0.1 package
java_class_path (initial): D:\IntelliJ IDEA 2024.2.0.1\plugins\maven\lib\maven3\boot\plexus-classworlds-2.8.0.jar;D:\IntelliJ IDEA 2024.2.0.1\plugins\maven\lib\maven3\boot\plexus-classworlds.license
Launcher Type: SUN_STANDARD

[Global flags]
     intx CICompilerCount                          = 12                                        {product} {ergonomic}
     uint ConcGCThreads                            = 3                                         {product} {ergonomic}
     uint G1ConcRefinementThreads                  = 13                                        {product} {ergonomic}
   size_t G1HeapRegionSize                         = 4194304                                   {product} {ergonomic}
    uintx GCDrainStackTargetSize                   = 64                                        {product} {ergonomic}
   size_t InitialHeapSize                          = 528482304                                 {product} {ergonomic}
   size_t MarkStackSize                            = 4194304                                   {product} {ergonomic}
   size_t MaxHeapSize                              = 8401190912                                {product} {ergonomic}
   size_t MaxNewSize                               = 5037359104                                {product} {ergonomic}
   size_t MinHeapDeltaBytes                        = 4194304                                   {product} {ergonomic}
   size_t MinHeapSize                              = 8388608                                   {product} {ergonomic}
    uintx NonNMethodCodeHeapSize                   = 7602480                                {pd product} {ergonomic}
    uintx NonProfiledCodeHeapSize                  = 122027880                              {pd product} {ergonomic}
    uintx ProfiledCodeHeapSize                     = 122027880                              {pd product} {ergonomic}
    uintx ReservedCodeCacheSize                    = 251658240                              {pd product} {ergonomic}
     bool SegmentedCodeCache                       = true                                      {product} {ergonomic}
   size_t SoftMaxHeapSize                          = 8401190912                             {manageable} {ergonomic}
     bool UseCompressedOops                        = true                           {product lp64_product} {ergonomic}
     bool UseG1GC                                  = true                                      {product} {ergonomic}
     bool UseLargePagesIndividualAllocation        = false                                  {pd product} {ergonomic}

Logging:
Log output configuration:
 #0: stdout all=warning uptime,level,tags foldmultilines=false
 #1: stderr all=off uptime,level,tags foldmultilines=false

Environment Variables:
PATH=C:\Program Files\Zulu\zulu-21\bin\;C:\Windows\system32;C:\Windows;C:\Windows\System32\Wbem;C:\Windows\System32\WindowsPowerShell\v1.0\;C:\Windows\System32\OpenSSH\;C:\Program Files\dotnet\;D:\Git\cmd;C:\Program Files (x86)\Windows Kits\10\Windows Performance Toolkit\;C:\Users\Sudark\AppData\Local\Microsoft\WindowsApps;C:\Users\Sudark\AppData\Local\Programs\Microsoft VS Code\bin
USERNAME=Sudark
OS=Windows_NT
PROCESSOR_IDENTIFIER=AMD64 Family 25 Model 117 Stepping 2, AuthenticAMD
TMP=C:\Users\Sudark\AppData\Local\Temp
TEMP=C:\Users\Sudark\AppData\Local\Temp




Periodic native trim disabled

---------------  S Y S T E M  ---------------

OS:
 Windows 11 , 64 bit Build 22621 (10.0.22621.3672)
OS uptime: 8 days 7:21 hours

CPU: total 16 (initial active 16) (16 cores per cpu, 2 threads per core) family 25 model 117 stepping 2 microcode 0x0, cx8, cmov, fxsr, ht, mmx, 3dnowpref, sse, sse2, sse3, ssse3, sse4a, sse4.1, sse4.2, popcnt, lzcnt, tsc, tscinvbit, avx, avx2, aes, erms, clmul, bmi1, bmi2, adx, avx512f, avx512dq, avx512cd, avx512bw, avx512vl, sha, fma, vzeroupper, avx512_vpopcntdq, avx512_vpclmulqdq, avx512_vaes, avx512_vnni, clflush, clflushopt, avx512_vbmi2, avx512_vbmi, rdtscp, rdpid, fsrm, gfni, avx512_bitalg, f16c, pku, cet_ss, avx512_ifma
Processor Information for the first 16 processors :
  Max Mhz: 3801, Current Mhz: 3801, Mhz Limit: 3801

Memory: 4k page, system-wide physical 32042M (6712M free)
TotalPageFile size 57644M (AvailPageFile size 5M)
current process WorkingSet (physical memory assigned to process): 118M, peak: 118M
current process commit charge ("private bytes"): 656M, peak: 656M

vm_info: OpenJDK 64-Bit Server VM (21.0.6+7-LTS) for windows-amd64 JRE (21.0.6+7-LTS) (Zulu21.40+17-CA), built on 2025-01-07T13:04:52Z by "zulu_re" with MS VC++ 17.1 (VS2022)

END.
